<?xml version="1.0" encoding="UTF-8"?>
<!-- Generated by org.testng.reporters.JUnitXMLReporter -->
<testsuite ignored="0" hostname="WL-286" failures="0" tests="15" name="Authentication Tests" time="16.041" errors="0" timestamp="2025-03-17T17:12:18 IST">
  <testcase classname="api.test.AuthTests.LoginTests" name="testUserLogin" time="5.069"/>
  <testcase classname="api.test.AuthTests.RegisterTests" name="testInvalidUserRegister" time="0.114"/>
  <testcase classname="api.test.AuthTests.RegisterTests" name="testInvalidUserRegister" time="0.1"/>
  <testcase classname="api.test.AuthTests.RegisterTests" name="testInvalidUserRegister" time="0.1"/>
  <testcase classname="api.test.AuthTests.RegisterTests" name="testInvalidUserRegister" time="0.08"/>
  <testcase classname="api.test.AuthTests.RegisterTests" name="testInvalidUserRegister" time="1.756"/>
  <testcase classname="api.test.AuthTests.RegisterTests" name="testInvalidUserRegister" time="0.086"/>
  <testcase classname="api.test.AuthTests.RegisterTests" name="testInvalidUserRegister" time="0.107"/>
  <testcase classname="api.test.AuthTests.RegisterTests" name="testValidUserRegister" time="2.842"/>
  <testcase classname="api.test.AuthTests.RegisterTests" name="testValidUserRegister" time="3.481"/>
  <testcase classname="api.test.AuthTests.GetUserTests" name="testGetUserWithValidToken" time="0.112"/>
  <testcase classname="api.test.AuthTests.ForgotPasswordTests" name="testForgotPassword" time="1.139"/>
  <testcase classname="api.test.AuthTests.ForgotPasswordTests" name="testForgotPassword" time="0.083"/>
  <testcase classname="api.test.AuthTests.ForgotPasswordTests" name="testForgotPassword" time="0.078"/>
  <testcase classname="api.test.AuthTests.ForgotPasswordTests" name="testForgotPassword" time="0.079"/>
</testsuite> <!-- Authentication Tests -->
