<?xml version="1.0" encoding="UTF-8"?>
<!-- Generated by org.testng.reporters.JUnitXMLReporter -->
<testsuite ignored="0" hostname="WL-286" failures="0" tests="15" name="Authentication Tests" time="15.43" errors="0" timestamp="2025-03-19T09:52:33 IST">
  <testcase classname="api.test.AuthTests.LoginTests" name="testUserLogin" time="5.05"/>
  <testcase classname="api.test.AuthTests.RegisterTests" name="testInvalidUserRegister" time="0.127"/>
  <testcase classname="api.test.AuthTests.RegisterTests" name="testInvalidUserRegister" time="0.109"/>
  <testcase classname="api.test.AuthTests.RegisterTests" name="testInvalidUserRegister" time="0.096"/>
  <testcase classname="api.test.AuthTests.RegisterTests" name="testInvalidUserRegister" time="0.088"/>
  <testcase classname="api.test.AuthTests.RegisterTests" name="testInvalidUserRegister" time="1.798"/>
  <testcase classname="api.test.AuthTests.RegisterTests" name="testInvalidUserRegister" time="0.083"/>
  <testcase classname="api.test.AuthTests.RegisterTests" name="testInvalidUserRegister" time="0.089"/>
  <testcase classname="api.test.AuthTests.RegisterTests" name="testValidUserRegister" time="2.501"/>
  <testcase classname="api.test.AuthTests.RegisterTests" name="testValidUserRegister" time="2.905"/>
  <testcase classname="api.test.AuthTests.GetUserTests" name="testGetUserWithValidToken" time="0.118"/>
  <testcase classname="api.test.AuthTests.ForgotPasswordTests" name="testForgotPassword" time="1.434"/>
  <testcase classname="api.test.AuthTests.ForgotPasswordTests" name="testForgotPassword" time="0.09"/>
  <testcase classname="api.test.AuthTests.ForgotPasswordTests" name="testForgotPassword" time="0.091"/>
  <testcase classname="api.test.AuthTests.ForgotPasswordTests" name="testForgotPassword" time="0.081"/>
</testsuite> <!-- Authentication Tests -->
