<?xml version="1.0" encoding="UTF-8"?>
<!-- Generated by org.testng.reporters.JUnitXMLReporter -->
<testsuite ignored="0" hostname="WL-286" failures="0" tests="8" name="Single Prompt Tests" time="3.135" errors="0" timestamp="2025-03-19T09:52:36 IST">
  <testcase classname="api.test.SinglePromptTests.PromptListTests" name="testPromptListErrors" time="0.414"/>
  <testcase classname="api.test.SinglePromptTests.CategoryListTests" name="testCategoryListErrors" time="0.17"/>
  <testcase classname="api.test.SinglePromptTests.ContentsNewTests" name="testStreamAPI" time="1.932"/>
  <testcase classname="api.test.SinglePromptTests.ContentsNewTests" name="testStreamAPI" time="0.104"/>
  <testcase classname="api.test.SinglePromptTests.ContentsNewTests" name="testStreamAPI" time="0.087"/>
  <testcase classname="api.test.SinglePromptTests.ContentsNewTests" name="testStreamAPI" time="0.087"/>
  <testcase classname="api.test.SinglePromptTests.ContentsNewTests" name="testStreamAPI" time="0.107"/>
  <testcase classname="api.test.SinglePromptTests.ContentsNewTests" name="testStreamAPI" time="0.101"/>
</testsuite> <!-- Single Prompt Tests -->
