<?xml version="1.0" encoding="UTF-8"?>
<!-- Generated by org.testng.reporters.JUnitXMLReporter -->
<testsuite ignored="0" hostname="WL-286" failures="0" tests="9" name="Single Prompt Tests" time="5.755" errors="0" timestamp="2025-03-17T12:04:16 IST">
  <testcase classname="api.test.SinglePromptTests.PromptListTests" name="testPromptListErrors" time="0.543"/>
  <testcase classname="api.test.SinglePromptTests.CategoryListTests" name="testCategoryListErrors" time="0.136"/>
  <testcase classname="api.test.SinglePromptTests.ContentsNewTests" name="testStreamAPI" time="2.301"/>
  <testcase classname="api.test.SinglePromptTests.ContentsNewTests" name="testStreamAPI" time="0.081"/>
  <testcase classname="api.test.SinglePromptTests.ContentsNewTests" name="testStreamAPI" time="0.096"/>
  <testcase classname="api.test.SinglePromptTests.ContentsNewTests" name="testStreamAPI" time="0.084"/>
  <testcase classname="api.test.SinglePromptTests.ContentsNewTests" name="testStreamAPI" time="0.097"/>
  <testcase classname="api.test.SinglePromptTests.ContentsNewTests" name="testStreamAPI" time="2.232"/>
  <testcase classname="api.test.SinglePromptTests.ContentsNewTests" name="testStreamAPI" time="0.095"/>
</testsuite> <!-- Single Prompt Tests -->
