<?xml version="1.0" encoding="UTF-8"?>
<!-- Generated by org.testng.reporters.JUnitXMLReporter -->
<testsuite ignored="0" hostname="WL-286" failures="0" tests="7" name="API Tests" time="4.92" errors="0" timestamp="2025-03-03T10:43:51 IST">
  <testcase classname="api.test.LoginTests" name="testInvalidUserLogin" time="1.456"/>
  <testcase classname="api.test.LoginTests" name="testInvalidUserLogin" time="0.193"/>
  <testcase classname="api.test.LoginTests" name="testInvalidUserLogin" time="0.097"/>
  <testcase classname="api.test.LoginTests" name="testInvalidUserLogin" time="0.095"/>
  <testcase classname="api.test.LoginTests" name="testInvalidUserLogin" time="0.084"/>
  <testcase classname="api.test.LoginTests" name="testInvalidUserLogin" time="0.088"/>
  <testcase classname="api.test.LoginTests" name="testValidUserLogin" time="2.848"/>
</testsuite> <!-- API Tests -->
