<?xml version="1.0" encoding="UTF-8"?>
<!-- Generated by org.testng.reporters.JUnitXMLReporter -->
<testsuite ignored="0" hostname="WL-286" failures="0" tests="16" name="API Tests" time="13.598" errors="0" timestamp="2025-03-03T15:32:48 IST">
  <testcase classname="api.test.LoginTests" name="testInvalidUserLogin" time="1.399"/>
  <testcase classname="api.test.LoginTests" name="testInvalidUserLogin" time="0.153"/>
  <testcase classname="api.test.LoginTests" name="testInvalidUserLogin" time="0.096"/>
  <testcase classname="api.test.LoginTests" name="testInvalidUserLogin" time="0.101"/>
  <testcase classname="api.test.LoginTests" name="testInvalidUserLogin" time="0.086"/>
  <testcase classname="api.test.LoginTests" name="testInvalidUserLogin" time="0.093"/>
  <testcase classname="api.test.LoginTests" name="testValidUserLogin" time="3.33"/>
  <testcase classname="api.test.RegisterTests" name="testInvalidUserRegister" time="0.113"/>
  <testcase classname="api.test.RegisterTests" name="testInvalidUserRegister" time="0.103"/>
  <testcase classname="api.test.RegisterTests" name="testInvalidUserRegister" time="0.086"/>
  <testcase classname="api.test.RegisterTests" name="testInvalidUserRegister" time="0.081"/>
  <testcase classname="api.test.RegisterTests" name="testInvalidUserRegister" time="1.21"/>
  <testcase classname="api.test.RegisterTests" name="testInvalidUserRegister" time="0.116"/>
  <testcase classname="api.test.RegisterTests" name="testInvalidUserRegister" time="0.101"/>
  <testcase classname="api.test.RegisterTests" name="testValidUserRegister" time="3.189"/>
  <testcase classname="api.test.RegisterTests" name="testValidUserRegister" time="3.274"/>
</testsuite> <!-- API Tests -->
