<?xml version="1.0" encoding="UTF-8"?>
<testng-results ignored="0" total="24" passed="24" failed="0" skipped="0">
  <reporter-output>
    <line>
      <![CDATA[Test Data: TestCase=Valid Login, Email=websitelearnertest@gmail.com, ExpectedStatusCode=200]]>
    </line>
    <line>
      <![CDATA[Invalid Register API tested with email: ]]>
    </line>
    <line>
      <![CDATA[Invalid Register API tested with email: testuser1@gmail.com]]>
    </line>
    <line>
      <![CDATA[Invalid Register API tested with email: testuser1@gmail.com]]>
    </line>
    <line>
      <![CDATA[Invalid Register API tested with email: invalidemail]]>
    </line>
    <line>
      <![CDATA[Invalid Register API tested with email: user@example.com]]>
    </line>
    <line>
      <![CDATA[Invalid Register API tested with email: websitelearnertest@gmail.com]]>
    </line>
    <line>
      <![CDATA[Invalid Register API tested with email: ]]>
    </line>
    <line>
      <![CDATA[Valid Register API tested with email: testuser1742200212584@wl.com]]>
    </line>
    <line>
      <![CDATA[Valid Register API tested with email: userexample1742200212584@wl.com]]>
    </line>
    <line>
      <![CDATA[Get User API called successfully with token: 3507557|JUsVQuO9G7Qy3zhp5D3WNd159NaLKRmjgVhHE8V026919aeb]]>
    </line>
    <line>
      <![CDATA[Test Data: TestCase=Valid Forgot Password, Email=websitelearnertest@gmail.com, ExpectedStatusCode=200]]>
    </line>
    <line>
      <![CDATA[Test Data: TestCase=Unregistered Email, Email=wrongemail@gmail.com, ExpectedStatusCode=405]]>
    </line>
    <line>
      <![CDATA[Test Data: TestCase=Invalid Email Format, Email=invalidemailformat, ExpectedStatusCode=405]]>
    </line>
    <line>
      <![CDATA[Test Data: TestCase=Empty Email, Email=" ", ExpectedStatusCode=405]]>
    </line>
    <line>
      <![CDATA[ TestCase: Valid Request (Success) | Paginate=100 | Page=1 | Expected: 200 | Got: 200]]>
    </line>
    <line>
      <![CDATA[Tested API with paginate=100, page=1. Expected: 200, Got: 200]]>
    </line>
  </reporter-output>
  <suite started-at="2025-03-17T14:00:04 IST" name="GRAVITY WRITE API AUTOMATION" finished-at="2025-03-17T14:00:28 IST" duration-ms="24255">
    <groups>
    </groups>
    <test started-at="2025-03-17T14:00:04 IST" name="Authentication Tests" finished-at="2025-03-17T14:00:22 IST" duration-ms="18400">
      <class name="api.test.AuthTests.GetUserTests">
        <test-method signature="testGetUserWithValidToken()[pri:0, instance:api.test.AuthTests.GetUserTests@45815ffc]" started-at="2025-03-17T14:00:19 IST" name="testGetUserWithValidToken" finished-at="2025-03-17T14:00:20 IST" duration-ms="154" status="PASS">
          <reporter-output>
            <line>
              <![CDATA[Get User API called successfully with token: 3507557|JUsVQuO9G7Qy3zhp5D3WNd159NaLKRmjgVhHE8V026919aeb]]>
            </line>
          </reporter-output>
        </test-method> <!-- testGetUserWithValidToken -->
      </class> <!-- api.test.AuthTests.GetUserTests -->
      <class name="api.test.AuthTests.LoginTests">
        <test-method signature="testUserLogin(java.lang.String,java.lang.String,java.lang.String,java.lang.String)[pri:0, instance:api.test.AuthTests.LoginTests@674bd420]" started-at="2025-03-17T14:00:04 IST" name="testUserLogin" data-provider="loginDataFromExcel" finished-at="2025-03-17T14:00:10 IST" duration-ms="5419" status="PASS">
          <params>
            <param index="0">
              <value>
                <![CDATA[Valid Login]]>
              </value>
            </param>
            <param index="1">
              <value>
                <![CDATA[websitelearnertest@gmail.com]]>
              </value>
            </param>
            <param index="2">
              <value>
                <![CDATA[Website@123]]>
              </value>
            </param>
            <param index="3">
              <value>
                <![CDATA[200]]>
              </value>
            </param>
          </params>
          <reporter-output>
            <line>
              <![CDATA[Test Data: TestCase=Valid Login, Email=websitelearnertest@gmail.com, ExpectedStatusCode=200]]>
            </line>
          </reporter-output>
        </test-method> <!-- testUserLogin -->
      </class> <!-- api.test.AuthTests.LoginTests -->
      <class name="api.test.AuthTests.ForgotPasswordTests">
        <test-method signature="testForgotPassword(java.lang.String,java.lang.String,java.lang.String)[pri:0, instance:api.test.AuthTests.ForgotPasswordTests@732f29af]" started-at="2025-03-17T14:00:20 IST" name="testForgotPassword" data-provider="forgotPasswordDataFromExcel" finished-at="2025-03-17T14:00:22 IST" duration-ms="2015" status="PASS">
          <params>
            <param index="0">
              <value>
                <![CDATA[Valid Forgot Password]]>
              </value>
            </param>
            <param index="1">
              <value>
                <![CDATA[websitelearnertest@gmail.com]]>
              </value>
            </param>
            <param index="2">
              <value>
                <![CDATA[200]]>
              </value>
            </param>
          </params>
          <reporter-output>
            <line>
              <![CDATA[Test Data: TestCase=Valid Forgot Password, Email=websitelearnertest@gmail.com, ExpectedStatusCode=200]]>
            </line>
          </reporter-output>
        </test-method> <!-- testForgotPassword -->
        <test-method signature="testForgotPassword(java.lang.String,java.lang.String,java.lang.String)[pri:0, instance:api.test.AuthTests.ForgotPasswordTests@732f29af]" started-at="2025-03-17T14:00:22 IST" name="testForgotPassword" data-provider="forgotPasswordDataFromExcel" finished-at="2025-03-17T14:00:22 IST" duration-ms="94" status="PASS">
          <params>
            <param index="0">
              <value>
                <![CDATA[Unregistered Email]]>
              </value>
            </param>
            <param index="1">
              <value>
                <![CDATA[wrongemail@gmail.com]]>
              </value>
            </param>
            <param index="2">
              <value>
                <![CDATA[405]]>
              </value>
            </param>
          </params>
          <reporter-output>
            <line>
              <![CDATA[Test Data: TestCase=Unregistered Email, Email=wrongemail@gmail.com, ExpectedStatusCode=405]]>
            </line>
          </reporter-output>
        </test-method> <!-- testForgotPassword -->
        <test-method signature="testForgotPassword(java.lang.String,java.lang.String,java.lang.String)[pri:0, instance:api.test.AuthTests.ForgotPasswordTests@732f29af]" started-at="2025-03-17T14:00:22 IST" name="testForgotPassword" data-provider="forgotPasswordDataFromExcel" finished-at="2025-03-17T14:00:22 IST" duration-ms="105" status="PASS">
          <params>
            <param index="0">
              <value>
                <![CDATA[Invalid Email Format]]>
              </value>
            </param>
            <param index="1">
              <value>
                <![CDATA[invalidemailformat]]>
              </value>
            </param>
            <param index="2">
              <value>
                <![CDATA[405]]>
              </value>
            </param>
          </params>
          <reporter-output>
            <line>
              <![CDATA[Test Data: TestCase=Invalid Email Format, Email=invalidemailformat, ExpectedStatusCode=405]]>
            </line>
          </reporter-output>
        </test-method> <!-- testForgotPassword -->
        <test-method signature="testForgotPassword(java.lang.String,java.lang.String,java.lang.String)[pri:0, instance:api.test.AuthTests.ForgotPasswordTests@732f29af]" started-at="2025-03-17T14:00:22 IST" name="testForgotPassword" data-provider="forgotPasswordDataFromExcel" finished-at="2025-03-17T14:00:22 IST" duration-ms="83" status="PASS">
          <params>
            <param index="0">
              <value>
                <![CDATA[Empty Email]]>
              </value>
            </param>
            <param index="1">
              <value>
                <![CDATA[" "]]>
              </value>
            </param>
            <param index="2">
              <value>
                <![CDATA[405]]>
              </value>
            </param>
          </params>
          <reporter-output>
            <line>
              <![CDATA[Test Data: TestCase=Empty Email, Email=" ", ExpectedStatusCode=405]]>
            </line>
          </reporter-output>
        </test-method> <!-- testForgotPassword -->
      </class> <!-- api.test.AuthTests.ForgotPasswordTests -->
      <class name="api.test.AuthTests.RegisterTests">
        <test-method signature="testInvalidUserRegister(java.lang.String,java.lang.String,java.lang.String,int)[pri:0, instance:api.test.AuthTests.RegisterTests@70a36a66]" started-at="2025-03-17T14:00:10 IST" name="testInvalidUserRegister" data-provider="invalidRegisterData" finished-at="2025-03-17T14:00:10 IST" duration-ms="105" status="PASS">
          <params>
            <param index="0">
              <value>
                <![CDATA[]]>
              </value>
            </param>
            <param index="1">
              <value>
                <![CDATA[Test@1234]]>
              </value>
            </param>
            <param index="2">
              <value>
                <![CDATA[Test User]]>
              </value>
            </param>
            <param index="3">
              <value>
                <![CDATA[422]]>
              </value>
            </param>
          </params>
          <reporter-output>
            <line>
              <![CDATA[Invalid Register API tested with email: ]]>
            </line>
          </reporter-output>
        </test-method> <!-- testInvalidUserRegister -->
        <test-method signature="testInvalidUserRegister(java.lang.String,java.lang.String,java.lang.String,int)[pri:0, instance:api.test.AuthTests.RegisterTests@70a36a66]" started-at="2025-03-17T14:00:10 IST" name="testInvalidUserRegister" data-provider="invalidRegisterData" finished-at="2025-03-17T14:00:10 IST" duration-ms="97" status="PASS">
          <params>
            <param index="0">
              <value>
                <![CDATA[testuser1@gmail.com]]>
              </value>
            </param>
            <param index="1">
              <value>
                <![CDATA[]]>
              </value>
            </param>
            <param index="2">
              <value>
                <![CDATA[Test User]]>
              </value>
            </param>
            <param index="3">
              <value>
                <![CDATA[409]]>
              </value>
            </param>
          </params>
          <reporter-output>
            <line>
              <![CDATA[Invalid Register API tested with email: testuser1@gmail.com]]>
            </line>
          </reporter-output>
        </test-method> <!-- testInvalidUserRegister -->
        <test-method signature="testInvalidUserRegister(java.lang.String,java.lang.String,java.lang.String,int)[pri:0, instance:api.test.AuthTests.RegisterTests@70a36a66]" started-at="2025-03-17T14:00:10 IST" name="testInvalidUserRegister" data-provider="invalidRegisterData" finished-at="2025-03-17T14:00:10 IST" duration-ms="121" status="PASS">
          <params>
            <param index="0">
              <value>
                <![CDATA[testuser1@gmail.com]]>
              </value>
            </param>
            <param index="1">
              <value>
                <![CDATA[Test@1234]]>
              </value>
            </param>
            <param index="2">
              <value>
                <![CDATA[]]>
              </value>
            </param>
            <param index="3">
              <value>
                <![CDATA[409]]>
              </value>
            </param>
          </params>
          <reporter-output>
            <line>
              <![CDATA[Invalid Register API tested with email: testuser1@gmail.com]]>
            </line>
          </reporter-output>
        </test-method> <!-- testInvalidUserRegister -->
        <test-method signature="testInvalidUserRegister(java.lang.String,java.lang.String,java.lang.String,int)[pri:0, instance:api.test.AuthTests.RegisterTests@70a36a66]" started-at="2025-03-17T14:00:10 IST" name="testInvalidUserRegister" data-provider="invalidRegisterData" finished-at="2025-03-17T14:00:10 IST" duration-ms="112" status="PASS">
          <params>
            <param index="0">
              <value>
                <![CDATA[invalidemail]]>
              </value>
            </param>
            <param index="1">
              <value>
                <![CDATA[Test@1234]]>
              </value>
            </param>
            <param index="2">
              <value>
                <![CDATA[Test User]]>
              </value>
            </param>
            <param index="3">
              <value>
                <![CDATA[422]]>
              </value>
            </param>
          </params>
          <reporter-output>
            <line>
              <![CDATA[Invalid Register API tested with email: invalidemail]]>
            </line>
          </reporter-output>
        </test-method> <!-- testInvalidUserRegister -->
        <test-method signature="testInvalidUserRegister(java.lang.String,java.lang.String,java.lang.String,int)[pri:0, instance:api.test.AuthTests.RegisterTests@70a36a66]" started-at="2025-03-17T14:00:10 IST" name="testInvalidUserRegister" data-provider="invalidRegisterData" finished-at="2025-03-17T14:00:12 IST" duration-ms="1772" status="PASS">
          <params>
            <param index="0">
              <value>
                <![CDATA[user@example.com]]>
              </value>
            </param>
            <param index="1">
              <value>
                <![CDATA[short]]>
              </value>
            </param>
            <param index="2">
              <value>
                <![CDATA[Test User]]>
              </value>
            </param>
            <param index="3">
              <value>
                <![CDATA[409]]>
              </value>
            </param>
          </params>
          <reporter-output>
            <line>
              <![CDATA[Invalid Register API tested with email: user@example.com]]>
            </line>
          </reporter-output>
        </test-method> <!-- testInvalidUserRegister -->
        <test-method signature="testInvalidUserRegister(java.lang.String,java.lang.String,java.lang.String,int)[pri:0, instance:api.test.AuthTests.RegisterTests@70a36a66]" started-at="2025-03-17T14:00:12 IST" name="testInvalidUserRegister" data-provider="invalidRegisterData" finished-at="2025-03-17T14:00:12 IST" duration-ms="80" status="PASS">
          <params>
            <param index="0">
              <value>
                <![CDATA[websitelearnertest@gmail.com]]>
              </value>
            </param>
            <param index="1">
              <value>
                <![CDATA[Test@1234]]>
              </value>
            </param>
            <param index="2">
              <value>
                <![CDATA[Test User]]>
              </value>
            </param>
            <param index="3">
              <value>
                <![CDATA[409]]>
              </value>
            </param>
          </params>
          <reporter-output>
            <line>
              <![CDATA[Invalid Register API tested with email: websitelearnertest@gmail.com]]>
            </line>
          </reporter-output>
        </test-method> <!-- testInvalidUserRegister -->
        <test-method signature="testInvalidUserRegister(java.lang.String,java.lang.String,java.lang.String,int)[pri:0, instance:api.test.AuthTests.RegisterTests@70a36a66]" started-at="2025-03-17T14:00:12 IST" name="testInvalidUserRegister" data-provider="invalidRegisterData" finished-at="2025-03-17T14:00:12 IST" duration-ms="100" status="PASS">
          <params>
            <param index="0">
              <value>
                <![CDATA[]]>
              </value>
            </param>
            <param index="1">
              <value>
                <![CDATA[]]>
              </value>
            </param>
            <param index="2">
              <value>
                <![CDATA[]]>
              </value>
            </param>
            <param index="3">
              <value>
                <![CDATA[422]]>
              </value>
            </param>
          </params>
          <reporter-output>
            <line>
              <![CDATA[Invalid Register API tested with email: ]]>
            </line>
          </reporter-output>
        </test-method> <!-- testInvalidUserRegister -->
        <test-method signature="testValidUserRegister(java.lang.String,java.lang.String,java.lang.String,int)[pri:0, instance:api.test.AuthTests.RegisterTests@70a36a66]" started-at="2025-03-17T14:00:12 IST" name="testValidUserRegister" data-provider="validRegisterData" finished-at="2025-03-17T14:00:16 IST" duration-ms="4210" status="PASS">
          <params>
            <param index="0">
              <value>
                <![CDATA[testuser1742200212584@wl.com]]>
              </value>
            </param>
            <param index="1">
              <value>
                <![CDATA[Test@12345]]>
              </value>
            </param>
            <param index="2">
              <value>
                <![CDATA[User One]]>
              </value>
            </param>
            <param index="3">
              <value>
                <![CDATA[401]]>
              </value>
            </param>
          </params>
          <reporter-output>
            <line>
              <![CDATA[Valid Register API tested with email: testuser1742200212584@wl.com]]>
            </line>
          </reporter-output>
        </test-method> <!-- testValidUserRegister -->
        <test-method signature="testValidUserRegister(java.lang.String,java.lang.String,java.lang.String,int)[pri:0, instance:api.test.AuthTests.RegisterTests@70a36a66]" started-at="2025-03-17T14:00:16 IST" name="testValidUserRegister" data-provider="validRegisterData" finished-at="2025-03-17T14:00:19 IST" duration-ms="3171" status="PASS">
          <params>
            <param index="0">
              <value>
                <![CDATA[userexample1742200212584@wl.com]]>
              </value>
            </param>
            <param index="1">
              <value>
                <![CDATA[SecurePass@4567]]>
              </value>
            </param>
            <param index="2">
              <value>
                <![CDATA[User Example]]>
              </value>
            </param>
            <param index="3">
              <value>
                <![CDATA[401]]>
              </value>
            </param>
          </params>
          <reporter-output>
            <line>
              <![CDATA[Valid Register API tested with email: userexample1742200212584@wl.com]]>
            </line>
          </reporter-output>
        </test-method> <!-- testValidUserRegister -->
      </class> <!-- api.test.AuthTests.RegisterTests -->
    </test> <!-- Authentication Tests -->
    <test started-at="2025-03-17T14:00:22 IST" name="Single Prompt Tests" finished-at="2025-03-17T14:00:28 IST" duration-ms="5556">
      <class name="api.test.SinglePromptTests.ContentsNewTests">
        <test-method signature="testStreamAPI(java.lang.String,java.lang.String,java.lang.String,java.lang.String,java.lang.String,java.lang.String,java.lang.String,java.lang.String,java.lang.String)[pri:0, instance:api.test.SinglePromptTests.ContentsNewTests@35e5d0e5]" started-at="2025-03-17T14:00:23 IST" name="testStreamAPI" data-provider="contentsDataFromExcel" finished-at="2025-03-17T14:00:25 IST" duration-ms="2287" status="PASS">
          <params>
            <param index="0">
              <value>
                <![CDATA[Valid Prompt]]>
              </value>
            </param>
            <param index="1">
              <value>
                <![CDATA[46]]>
              </value>
            </param>
            <param index="2">
              <value>
                <![CDATA[10]]>
              </value>
            </param>
            <param index="3">
              <value>
                <![CDATA[Healthy recipes]]>
              </value>
            </param>
            <param index="4">
              <value>
                <![CDATA[13]]>
              </value>
            </param>
            <param index="5">
              <value>
                <![CDATA[21]]>
              </value>
            </param>
            <param index="6">
              <value>
                <![CDATA[0]]>
              </value>
            </param>
            <param index="7">
              <value>
                <![CDATA[200]]>
              </value>
            </param>
            <param index="8">
              <value>
                <![CDATA[YES]]>
              </value>
            </param>
          </params>
          <reporter-output>
          </reporter-output>
        </test-method> <!-- testStreamAPI -->
        <test-method signature="testStreamAPI(java.lang.String,java.lang.String,java.lang.String,java.lang.String,java.lang.String,java.lang.String,java.lang.String,java.lang.String,java.lang.String)[pri:0, instance:api.test.SinglePromptTests.ContentsNewTests@35e5d0e5]" started-at="2025-03-17T14:00:25 IST" name="testStreamAPI" data-provider="contentsDataFromExcel" finished-at="2025-03-17T14:00:25 IST" duration-ms="90" status="PASS">
          <params>
            <param index="0">
              <value>
                <![CDATA[Invalid Prompt ID]]>
              </value>
            </param>
            <param index="1">
              <value>
                <![CDATA[999]]>
              </value>
            </param>
            <param index="2">
              <value>
                <![CDATA[10]]>
              </value>
            </param>
            <param index="3">
              <value>
                <![CDATA[Healthy recipes]]>
              </value>
            </param>
            <param index="4">
              <value>
                <![CDATA[13]]>
              </value>
            </param>
            <param index="5">
              <value>
                <![CDATA[21]]>
              </value>
            </param>
            <param index="6">
              <value>
                <![CDATA[0]]>
              </value>
            </param>
            <param index="7">
              <value>
                <![CDATA[405]]>
              </value>
            </param>
            <param index="8">
              <value>
                <![CDATA[YES]]>
              </value>
            </param>
          </params>
          <reporter-output>
          </reporter-output>
        </test-method> <!-- testStreamAPI -->
        <test-method signature="testStreamAPI(java.lang.String,java.lang.String,java.lang.String,java.lang.String,java.lang.String,java.lang.String,java.lang.String,java.lang.String,java.lang.String)[pri:0, instance:api.test.SinglePromptTests.ContentsNewTests@35e5d0e5]" started-at="2025-03-17T14:00:25 IST" name="testStreamAPI" data-provider="contentsDataFromExcel" finished-at="2025-03-17T14:00:25 IST" duration-ms="94" status="PASS">
          <params>
            <param index="0">
              <value>
                <![CDATA[Invalid Tone ID]]>
              </value>
            </param>
            <param index="1">
              <value>
                <![CDATA[46]]>
              </value>
            </param>
            <param index="2">
              <value>
                <![CDATA[999]]>
              </value>
            </param>
            <param index="3">
              <value>
                <![CDATA[Healthy recipes]]>
              </value>
            </param>
            <param index="4">
              <value>
                <![CDATA[13]]>
              </value>
            </param>
            <param index="5">
              <value>
                <![CDATA[21]]>
              </value>
            </param>
            <param index="6">
              <value>
                <![CDATA[0]]>
              </value>
            </param>
            <param index="7">
              <value>
                <![CDATA[500]]>
              </value>
            </param>
            <param index="8">
              <value>
                <![CDATA[YES]]>
              </value>
            </param>
          </params>
          <reporter-output>
          </reporter-output>
        </test-method> <!-- testStreamAPI -->
        <test-method signature="testStreamAPI(java.lang.String,java.lang.String,java.lang.String,java.lang.String,java.lang.String,java.lang.String,java.lang.String,java.lang.String,java.lang.String)[pri:0, instance:api.test.SinglePromptTests.ContentsNewTests@35e5d0e5]" started-at="2025-03-17T14:00:25 IST" name="testStreamAPI" data-provider="contentsDataFromExcel" finished-at="2025-03-17T14:00:26 IST" duration-ms="110" status="PASS">
          <params>
            <param index="0">
              <value>
                <![CDATA[Unregistered Prompt]]>
              </value>
            </param>
            <param index="1">
              <value>
                <![CDATA[999]]>
              </value>
            </param>
            <param index="2">
              <value>
                <![CDATA[12]]>
              </value>
            </param>
            <param index="3">
              <value>
                <![CDATA[Tech innovations]]>
              </value>
            </param>
            <param index="4">
              <value>
                <![CDATA[15]]>
              </value>
            </param>
            <param index="5">
              <value>
                <![CDATA[22]]>
              </value>
            </param>
            <param index="6">
              <value>
                <![CDATA[0]]>
              </value>
            </param>
            <param index="7">
              <value>
                <![CDATA[405]]>
              </value>
            </param>
            <param index="8">
              <value>
                <![CDATA[YES]]>
              </value>
            </param>
          </params>
          <reporter-output>
          </reporter-output>
        </test-method> <!-- testStreamAPI -->
        <test-method signature="testStreamAPI(java.lang.String,java.lang.String,java.lang.String,java.lang.String,java.lang.String,java.lang.String,java.lang.String,java.lang.String,java.lang.String)[pri:0, instance:api.test.SinglePromptTests.ContentsNewTests@35e5d0e5]" started-at="2025-03-17T14:00:26 IST" name="testStreamAPI" data-provider="contentsDataFromExcel" finished-at="2025-03-17T14:00:26 IST" duration-ms="93" status="PASS">
          <params>
            <param index="0">
              <value>
                <![CDATA[Invalid Language ID]]>
              </value>
            </param>
            <param index="1">
              <value>
                <![CDATA[50]]>
              </value>
            </param>
            <param index="2">
              <value>
                <![CDATA[12]]>
              </value>
            </param>
            <param index="3">
              <value>
                <![CDATA[Tech innovations]]>
              </value>
            </param>
            <param index="4">
              <value>
                <![CDATA[15]]>
              </value>
            </param>
            <param index="5">
              <value>
                <![CDATA[999]]>
              </value>
            </param>
            <param index="6">
              <value>
                <![CDATA[0]]>
              </value>
            </param>
            <param index="7">
              <value>
                <![CDATA[500]]>
              </value>
            </param>
            <param index="8">
              <value>
                <![CDATA[YES]]>
              </value>
            </param>
          </params>
          <reporter-output>
          </reporter-output>
        </test-method> <!-- testStreamAPI -->
        <test-method signature="testStreamAPI(java.lang.String,java.lang.String,java.lang.String,java.lang.String,java.lang.String,java.lang.String,java.lang.String,java.lang.String,java.lang.String)[pri:0, instance:api.test.SinglePromptTests.ContentsNewTests@35e5d0e5]" started-at="2025-03-17T14:00:26 IST" name="testStreamAPI" data-provider="contentsDataFromExcel" finished-at="2025-03-17T14:00:28 IST" duration-ms="2100" status="PASS">
          <params>
            <param index="0">
              <value>
                <![CDATA[Valid Prompt with Disabled]]>
              </value>
            </param>
            <param index="1">
              <value>
                <![CDATA[50]]>
              </value>
            </param>
            <param index="2">
              <value>
                <![CDATA[12]]>
              </value>
            </param>
            <param index="3">
              <value>
                <![CDATA[Tech innovations]]>
              </value>
            </param>
            <param index="4">
              <value>
                <![CDATA[15]]>
              </value>
            </param>
            <param index="5">
              <value>
                <![CDATA[22]]>
              </value>
            </param>
            <param index="6">
              <value>
                <![CDATA[0]]>
              </value>
            </param>
            <param index="7">
              <value>
                <![CDATA[200]]>
              </value>
            </param>
            <param index="8">
              <value>
                <![CDATA[YES]]>
              </value>
            </param>
          </params>
          <reporter-output>
          </reporter-output>
        </test-method> <!-- testStreamAPI -->
        <test-method signature="testStreamAPI(java.lang.String,java.lang.String,java.lang.String,java.lang.String,java.lang.String,java.lang.String,java.lang.String,java.lang.String,java.lang.String)[pri:0, instance:api.test.SinglePromptTests.ContentsNewTests@35e5d0e5]" started-at="2025-03-17T14:00:28 IST" name="testStreamAPI" data-provider="contentsDataFromExcel" finished-at="2025-03-17T14:00:28 IST" duration-ms="90" status="PASS">
          <params>
            <param index="0">
              <value>
                <![CDATA[Empty Prompt]]>
              </value>
            </param>
            <param index="1">
              <value>
                <![CDATA[0]]>
              </value>
            </param>
            <param index="2">
              <value>
                <![CDATA[12]]>
              </value>
            </param>
            <param index="3">
              <value>
                <![CDATA[" "]]>
              </value>
            </param>
            <param index="4">
              <value>
                <![CDATA[15]]>
              </value>
            </param>
            <param index="5">
              <value>
                <![CDATA[22]]>
              </value>
            </param>
            <param index="6">
              <value>
                <![CDATA[0]]>
              </value>
            </param>
            <param index="7">
              <value>
                <![CDATA[405]]>
              </value>
            </param>
            <param index="8">
              <value>
                <![CDATA[YES]]>
              </value>
            </param>
          </params>
          <reporter-output>
          </reporter-output>
        </test-method> <!-- testStreamAPI -->
      </class> <!-- api.test.SinglePromptTests.ContentsNewTests -->
      <class name="api.test.SinglePromptTests.PromptListTests">
        <test-method signature="testPromptListErrors(java.lang.String,int,int,int)[pri:0, instance:api.test.SinglePromptTests.PromptListTests@c055c54]" started-at="2025-03-17T14:00:22 IST" name="testPromptListErrors" data-provider="errorCases" finished-at="2025-03-17T14:00:23 IST" duration-ms="455" status="PASS">
          <params>
            <param index="0">
              <value>
                <![CDATA[Valid Request (Success)]]>
              </value>
            </param>
            <param index="1">
              <value>
                <![CDATA[100]]>
              </value>
            </param>
            <param index="2">
              <value>
                <![CDATA[1]]>
              </value>
            </param>
            <param index="3">
              <value>
                <![CDATA[200]]>
              </value>
            </param>
          </params>
          <reporter-output>
            <line>
              <![CDATA[ TestCase: Valid Request (Success) | Paginate=100 | Page=1 | Expected: 200 | Got: 200]]>
            </line>
          </reporter-output>
        </test-method> <!-- testPromptListErrors -->
      </class> <!-- api.test.SinglePromptTests.PromptListTests -->
      <class name="api.test.SinglePromptTests.CategoryListTests">
        <test-method signature="testCategoryListErrors(int,int,int)[pri:0, instance:api.test.SinglePromptTests.CategoryListTests@25e2ab5a]" started-at="2025-03-17T14:00:23 IST" name="testCategoryListErrors" data-provider="categoryErrorCases" finished-at="2025-03-17T14:00:23 IST" duration-ms="126" status="PASS">
          <params>
            <param index="0">
              <value>
                <![CDATA[100]]>
              </value>
            </param>
            <param index="1">
              <value>
                <![CDATA[1]]>
              </value>
            </param>
            <param index="2">
              <value>
                <![CDATA[200]]>
              </value>
            </param>
          </params>
          <reporter-output>
            <line>
              <![CDATA[Tested API with paginate=100, page=1. Expected: 200, Got: 200]]>
            </line>
          </reporter-output>
        </test-method> <!-- testCategoryListErrors -->
      </class> <!-- api.test.SinglePromptTests.CategoryListTests -->
    </test> <!-- Single Prompt Tests -->
  </suite> <!-- GRAVITY WRITE API AUTOMATION -->
</testng-results>
