<?xml version="1.0" encoding="UTF-8"?>
<testsuite xmlns:xsi="http://www.w3.org/2001/XMLSchema-instance" xsi:noNamespaceSchemaLocation="https://maven.apache.org/surefire/maven-surefire-plugin/xsd/surefire-test-report.xsd" version="3.0.2" name="TestSuite" time="23.72" tests="24" errors="0" skipped="0" failures="0">
  <properties>
[...]
</properties>
  <testcase name="testUserLogin[Valid Login, websitelearnertest@gmail.com, Website@123, 200](1)" classname="api.test.AuthTests.LoginTests" time="5.135">
    <system-err><![CDATA[SLF4J(W): No SLF4J providers were found.
SLF4J(W): Defaulting to no-operation (NOP) logger implementation
SLF4J(W): See https://www.slf4j.org/codes.html#noProviders for further details.
]]></system-err>
  </testcase>
  <testcase name="testInvalidUserRegister[, Test@1234, Test User, 422](1)" classname="api.test.AuthTests.RegisterTests" time="0.103">
    <system-out><![CDATA[{
    "error": "The email field is required.",
    "message": "The email field is required.",
    "type": "info"
}
]]></system-out>
  </testcase>
  <testcase name="testInvalidUserRegister[testuser1@gmail.com, , Test User, 409](2)" classname="api.test.AuthTests.RegisterTests" time="0.1">
    <system-out><![CDATA[{
    "error": "Email already exists, Please Login to Continue",
    "message": "Email already exists, Please Login to Continue",
    "type": "info"
}
]]></system-out>
  </testcase>
  <testcase name="testInvalidUserRegister[testuser1@gmail.com, Test@1234, , 409](3)" classname="api.test.AuthTests.RegisterTests" time="0.133">
    <system-out><![CDATA[{
    "error": "Email already exists, Please Login to Continue",
    "message": "Email already exists, Please Login to Continue",
    "type": "info"
}
]]></system-out>
  </testcase>
  <testcase name="testInvalidUserRegister[invalidemail, Test@1234, Test User, 422](4)" classname="api.test.AuthTests.RegisterTests" time="0.115">
    <system-out><![CDATA[{
    "error": "The email must be a valid email address.",
    "message": "The email must be a valid email address.",
    "type": "info"
}
]]></system-out>
  </testcase>
  <testcase name="testInvalidUserRegister[user@example.com, short, Test User, 409](5)" classname="api.test.AuthTests.RegisterTests" time="1.778">
    <system-out><![CDATA[{
    "error": "The email seems to be invalid or you’re using a disposable address",
    "message": "The email seems to be invalid or you’re using a disposable address",
    "type": "info"
}
]]></system-out>
  </testcase>
  <testcase name="testInvalidUserRegister[websitelearnertest@gmail.com, Test@1234, Test User, 409](6)" classname="api.test.AuthTests.RegisterTests" time="0.085">
    <system-out><![CDATA[{
    "error": "Email already exists, Please Login to Continue",
    "message": "Email already exists, Please Login to Continue",
    "type": "info"
}
]]></system-out>
  </testcase>
  <testcase name="testInvalidUserRegister[, , , 422](7)" classname="api.test.AuthTests.RegisterTests" time="0.083">
    <system-out><![CDATA[{
    "error": "The email field is required.",
    "message": "The email field is required.",
    "type": "info"
}
]]></system-out>
  </testcase>
  <testcase name="testValidUserRegister[testuser1742193242529@wl.com, Test@12345, User One, 401](1)" classname="api.test.AuthTests.RegisterTests" time="3.51">
    <system-out><![CDATA[{
    "error": "Please Verify to Continue",
    "message": "Please Verify to Continue",
    "type": "email-not-verified"
}
]]></system-out>
  </testcase>
  <testcase name="testValidUserRegister[userexample1742193242529@wl.com, SecurePass@4567, User Example, 401](2)" classname="api.test.AuthTests.RegisterTests" time="2.936">
    <system-out><![CDATA[{
    "error": "Please Verify to Continue",
    "message": "Please Verify to Continue",
    "type": "email-not-verified"
}
]]></system-out>
  </testcase>
  <testcase name="testGetUserWithValidToken" classname="api.test.AuthTests.GetUserTests" time="0.123">
    <system-out><![CDATA[HTTP/1.1 200 OK
Server: nginx/1.22.0 (Ubuntu)
Content-Type: application/json
Transfer-Encoding: chunked
Connection: keep-alive
Cache-Control: no-cache, private
Date: Mon, 17 Mar 2025 06:34:06 GMT
Access-Control-Allow-Origin: *
Access-Control-Allow-Methods: POST, GET, OPTIONS, PUT, DELETE
Access-Control-Allow-Headers: Content-Type, X-Auth-Token, Origin, Authorization
X-RateLimit-Limit: 120
X-RateLimit-Remaining: 119
Access-Control-Expose-Headers: X-Engine-Id, content_id, Content-Type, Cache-Control
X-Frame-Options: SAMEORIGIN
X-XSS-Protection: 1; mode=block
X-Content-Type-Options: nosniff

{
    "data": {
        "user": {
            "id": 980150,
            "name": "Nirmal Test",
            "email": "websitelearnertest@gmail.com",
            "email_verified_at": null,
            "is_logged_in": 1,
            "logged_device": null,
            "last_ip_address": "124.123.69.155",
            "last_location": "India",
            "created_at": "2024-06-24 07:14:55",
            "updated_at": "2025-03-17 11:56:21",
            "deleted_at": null,
            "deleted_reason": null,
            "language_id": 21,
            "stripe_id": "cus_PzIz9hkAaHLLbW",
            "pm_type": null,
            "pm_last_four": null,
            "trial_ends_at": null,
            "razorpay_id": null,
            "verified": 1,
            "total_usage": 474977,
            "total_cost": 0,
            "verified_at": null,
            "verification_token": "1WkMuzjGfHPA3bSg7kppC2Bo8m73IaBzSUFUwzY1uGYanentlkaBiWhB8TPRuhyI",
            "google_id": "107778931994378818767",
            "on_board_data": null,
            "is_onboard": false,
            "chat_daily_usage": 73042,
            "is_react": "0",
            "mailerlite_subscriber_id": null,
            "check_admin": 0,
            "connect_status": 1,
            "wp_user": 1,
            "is_webinar": 1,
            "total_bonus": "",
            "webinar": {
                "webinar_status": 1,
                "webinar_date": "2025-01-17 20:01:00",
                "webinar_title": "Invitation from GravityWrite to join our Live Webinar !",
                "webinar_description": "Thank You for registering to our Live Webinar today! You can find information about this webinar below. See you there!",
                "webinar_location": "chennai"
            },
            "wpToken": "",
            "used_credits": {
                "used_word": 8141,
                "used_image": 23,
                "used_voice": 34
            },
            "addOnCredits": {
                "word": {
                    "credit": 345,
                    "usage": 245
                },
                "image": {
                    "credit": 345,
                    "usage": 245
                },
                "voice": {
                    "credit": 345,
                    "usage": 215
                }
            },
            "user_subscription": {
                "id": 912188,
                "start_at": null,
                "end_at": null,
                "canceled_at": null,
                "cancelled_reason": null,
                "status": "active",
                "payment_frequency": "yearly",
                "pp_subscription": null,
                "usage": 3026,
                "template_run_usage": 0,
                "multiprompt_company_usage": 0,
                "long_blog_usage": 48963,
                "long_blog_image_usage": 77,
                "stock_img_usage": 0,
                "image_bg_remover_usage": 0,
                "chat_usage": 535,
                "image_prompt_usage": 5085,
                "daily_token_limit": 0,
                "monthly_token_limit": 0,
                "created_at": "2024-03-20 07:14:57",
                "created_by": 980150,
                "updated_at": "2025-03-17 09:27:14",
                "updated_by": 980150,
                "deleted_at": null,
                "user_id": 980150,
                "plan_id": 2,
                "image_usage": 7,
                "stripe_subscription": null,
                "razorpay_subscription": null,
                "is_react": "0",
                "is_admin": 0,
                "is_manual": 0,
                "last_reset_date": "2025-02-20 00:00:02",
                "reset_expiry_date": null,
                "site_import_usage": 0,
                "storyboard_usage": 11443,
                "storyboard_image_usage": 2,
                "total_long_blog_post_credit": 10,
                "earned_bonus": 0,
                "used_bonus": 0,
                "remaining_bonus": 0,
                "total_bonus": 25000,
                "created_at_formatted": "20 Mar 2024",
                "canceled_at_formatted": null,
                "end_at_formatted": null,
                "next_reset_date": "20 Mar 2025",
                "plan": {
                    "id": 2,
                    "title": "Starter",
                    "description": "A great choice for individual bloggers or small content creators.",
                    "price_monthly": "19.00",
                    "price_yearly": "180.00",
                    "offer_price": "97.00",
                    "price_monthly_inr": "0.00",
                    "price_yearly_inr": "17462.00",
                    "offer_price_inr": "9429.00",
                    "pp_monthly_plan": "P-19V24010UH285591UMQOPUIA",
                    "pp_yearly_plan": "P-0V734620BM953954UMQE6KNQ",
                    "type": "paid",
                    "word_limit": 75000,
                    "key_features": "👍 Single User\r\n👍 Get 75,000 Words/mo\r\n👍 Limited Chat Words\r\n👍 AI Image Creation - 50/mo\r\n👍 Al Website Builder - 5/mo\r\n👍 Standard Quality  Images\r\n👍 200 Stock Images for Blogs\r\n👍 100+ Content Templates\r\n👍 15+ Tones\r\n👍 15+ Languages\r\n👍 Unlimited Downloads",
                    "template_run": 350,
                    "company_limit": 50,
                    "multiprompt_regenerate_limit": 200,
                    "image_bg_remover_limit": 50,
                    "created_at": null,
                    "updated_at": "2025-01-07 14:06:21",
                    "deleted_at": null,
                    "image_limit": 50,
                    "stripe_monthly_plan": "price_1Mo0S5SH3wxLolo33yfJaLBC",
                    "stripe_yearly_plan": "price_1Mo0S5SH3wxLolo3AgS7YHvP",
                    "razorpay_monthly_plan": "plan_OS5kCkbfQOpPtg",
                    "razorpay_yearly_plan": "plan_OS5mlcwi4ZpqKp",
                    "site_import_limit": 5,
                    "voice_limit": 150,
                    "stock_img_limit": 500
                }
            }
        },
        "gravator": "https://www.gravatar.com/avatar/5674124e09ed89d1c982931876849777?s=80&d=identicon&r=g"
    },
    "message": "success",
    "code": 200,
    "response": "OK"
}
]]></system-out>
  </testcase>
  <testcase name="testForgotPassword[Valid Forgot Password, websitelearnertest@gmail.com, 200](1)" classname="api.test.AuthTests.ForgotPasswordTests" time="1.576"/>
  <testcase name="testForgotPassword[Unregistered Email, wrongemail@gmail.com, 405](2)" classname="api.test.AuthTests.ForgotPasswordTests" time="0.086"/>
  <testcase name="testForgotPassword[Invalid Email Format, invalidemailformat, 405](3)" classname="api.test.AuthTests.ForgotPasswordTests" time="0.094"/>
  <testcase name="testForgotPassword[Empty Email, &quot; &quot;, 405](4)" classname="api.test.AuthTests.ForgotPasswordTests" time="0.078"/>
  <testcase name="testPromptListErrors[Valid Request (Success), 100, 1, 200](1)" classname="api.test.SinglePromptTests.PromptListTests" time="0.729">
    <system-out><![CDATA[Module: Authentication Tests | Passed: 15 | Failed: 0 | Skipped: 0 | Execution Time: 16715ms
HTTP/1.1 200 OK
Server: nginx/1.22.0 (Ubuntu)
Content-Type: application/json
Transfer-Encoding: chunked
Connection: keep-alive
Cache-Control: no-cache, private
Date: Mon, 17 Mar 2025 06:34:08 GMT
Access-Control-Allow-Origin: *
Access-Control-Allow-Methods: POST, GET, OPTIONS, PUT, DELETE
Access-Control-Allow-Headers: Content-Type, X-Auth-Token, Origin, Authorization
X-RateLimit-Limit: 120
X-RateLimit-Remaining: 105
Access-Control-Expose-Headers: X-Engine-Id, content_id, Content-Type, Cache-Control
X-Frame-Options: SAMEORIGIN
X-XSS-Protection: 1; mode=block
X-Content-Type-Options: nosniff

{
    "data": {
        "current_page": 1,
        "data": [
            {
                "id": 4905,
                "title": "3D Animated - Story Generator",
                "slug": "3D-animated-story-development",
                "description": "Expands a one-liner into a full story with vibrant scenes, lovable characters, and dynamic action perfect for 3D animation.",
                "frontend_headline": "Transform a Single Line into a Complete 3D Animated",
                "icon_type": "icon",
                "icon_content": "fa-solid fa-pen",
                "category_id": 48,
                "plan_id": "",
                "usage": 6406,
                "favcount": 89,
                "frontend_description": "## Introduction\r\n\r\n**3D Animated Story Development** template is designed to transform a simple one-liner story idea into a captivating narrative suitable for children’s 3D animation. Utilizing this template, users can create immersive stories with vibrant scenes and dynamic action, resulting in vibrant characters and engaging plots. This tool is especially beneficial for storytellers looking to visualize a complete tale vividly in a 3D format.\r\n\r\n## Key Functionalities\r\n\r\n-   **Story Expansion**: Transforms a one-liner into a comprehensive story, detailing characters, settings, and precise actions to fit 3D animation requirements.\r\n    \r\n-   **Dynamic Scene Breakdown**: Divides the expanded narrative into 15-18 engaging scenes to effectively depict progression and action.\r\n    \r\n-   **Child-Friendly Focus**: Ensures content remains appropriate for young audiences, making it ideal for children's storytelling.\r\n    \r\n-   **Character Incorporation**: Allows users to specify the number of main characters to tailor the narrative accordingly.\r\n    \r\n\r\n## How To Use The Tool\r\n\r\nFollow these steps to create your 3D animated story:\r\n\r\n1.  **Enter Your Story Idea**: Begin by providing a brief, one-line idea of your story. This serves as the foundation for expansion.\r\n    \r\n2.  **Specify Characters**: Decide how many main characters you wish to include, providing this number when prompted.\r\n    \r\n3.  **Create Content**: Press the \"Create Content\" button to initiate the expansion process. The template will generate an engaging narrative based on your inputs.\r\n    \r\n4.  **Review Output**: The generated story will be presented in markdown format, including a story summary and detailed scenes.\r\n    \r\n\r\n## Tips for Using the Tool\r\n\r\n-   **Imagination is Key**: The richer your initial one-liner, the more depth the expanded story can attain.\r\n    \r\n-   **Character Consideration**: Think about how each character will drive the story. More characters can add complexity and depth, while fewer can streamline the narrative.\r\n    \r\n-   **3D Visualization**: When inputting your story idea, envision how it might look in a 3D environment—dynamic action and colorful settings can enhance storytelling.\r\n\r\n## FAQ's\r\n1.  **Q**: What type of story ideas work best with this template?\r\n    \r\n    **A**: This template is perfect for simple, imaginative stories that can be expanded into exciting narratives. Think about fun adventures, magical worlds, or whimsical characters — any idea that can be brought to life with vibrant scenes and dynamic action.\r\n    \r\n2.  **Q**: How many main characters should I have in my story?\r\n    \r\n    **A**: You can set number of main characters between 1 to 3, which is recommended for simplicity and to maintain clarity in a children's narrative.\r\n    \r\n3.  **Q**: What is the ideal length for my one-line story idea?\r\n    \r\n    **A**: Keep your one-line story concise but descriptive enough to give a clear idea of the core plot or main idea. It should inspire creativity without overwhelming with detail.\r\n    \r\n4.  **Q**: Can I include complex themes in my story?\r\n    \r\n    **A**: While complex themes can be intriguing, the focus should remain on creating a child-friendly story. Emphasize positive messages, simple conflicts, and resolutions suitable for children.\r\n    \r\n5.  **Q**: How does this template ensure the story is suitable for 3D animation?\r\n    \r\n    **A**: The template encourages the inclusion of vibrant visuals and dynamic actions that translate well into 3D animation, focusing on interesting settings and engaging character movements.\r\n    \r\n6.  **Q**: Can the tool assist with creative blocks during story development?\r\n    \r\n    **A**: Yes! The tool expands a brief idea into a full narrative, breaking it down into scenes and descriptions, which can help overcome creative blocks by providing structured guidance.\r\n    \r\n7.  **Q**: What kind of characters should I introduce for the best results?\r\n    \r\n    **A**: Characters should be colorful and engaging, each with distinct traits and motivations. Think of animals, mythical creatures, or even everyday heroes who can come to life in 3D.\r\n    \r\n8.  **Q**: Can I specify action scenes or specific settings in my story?\r\n    \r\n    **A**: While you can't specify every detail at the start, the template will organically develop action and settings that fit your story's theme, ensuring they are suitable for a 3D format.\r\n    \r\n9.  **Q**: How are the scenes structured in the expanded story?\r\n    \r\n    **A**: The story is typically broken into 15-18 scenes, each with its title and description. This ensures a complete narrative arc, from beginning to end, enhancing storytelling clarity.\r\n    \r\n10.  **Q**: What makes a story engaging in this template?\r\n    \r\n     **A**: An engaging story is vibrant, features interesting characters, and takes place in dynamic environments. It includes a clear beginning, middle, and end while being fun and suitable for children.\r\n    \r\n\r\n## Feedback\r\n\r\nWe value your thoughts and suggestions to help us improve the tool continuously. If you have feedback or want to share your experiences using the 3D Animated Story Development template, please complete our [feedback form](https://websitelearners.typeform.com/gravityai#name=3D%20Animated%20Story%20Development).",
                "created_at": "2024-12-06T07:18:03.000000Z",
                "updated_at": "2025-03-17T06:12:58.000000Z",
                "is_multiprompt": false,
                "website_title": null,
                "allow_website": 0,
                "website_input_title": null,
                "website_input_placeholder": null,
                "category_name": "3D Animation",
                "bgImage": "https://gravitywrite.sgp1.digitaloceanspaces.com/gw/Gu9IC4b6MuwZt4v2PAlMjFxVY1MuZFmDbZP2KykH.svg",
                "iconColor": "#321fff"
            },
            {
                "id": 4906,
                "title": "3D Animated - Character Generator",
                "slug": "3D-animated-character-generation",
                "description": "Creates character details for each character in your story, including their look, outfit, and personality traits",
                "frontend_headline": "Bring your story characters to life with detailed character profiles",
                "icon_type": "icon",
                "icon_content": "fa-regular fa-people",
                "category_id": 48,
                "plan_id": "",
                "usage": 4143,
                "favcount": 90,
                "frontend_description": "## Introduction\r\n\r\nThe '3D Animated Character Generation' template on GravityWrite is designed to help creators develop detailed character profiles for 3D animated stories. This tool provides comprehensive descriptions of characters, covering their appearance, outfits, and personality traits to enrich your storytelling process. Whether you are a seasoned writer or a novice storyteller, this template assists in visualizing your characters, ensuring they align with the narrative and tone of your story.\r\n\r\n## Key Functionalities of the Tool\r\n\r\n-   **Character Detailing**: Automatically generates detailed character profiles, including facial structure, hairstyle, body type, and outfit.\r\n    \r\n-   **Creativity & Consistency**: The tool intelligently fills in gaps when details are missing, offering creative suggestions that remain consistent with the story's tone and setting.\r\n    \r\n-   **Organized Output**: Provides easy-to-follow character descriptions in a structured format, enhancing readability and ease of use.\r\n    \r\n\r\n## How To Use The Tool\r\n\r\n### Step-by-Step Process\r\n\r\n1.  **Enter the Story**:\r\n    \r\n    -   Begin by inputting your story into the designated input field.\r\n        \r\n2.  **Generate Content**:\r\n    \r\n    -   Once you've entered the story, press the \"Create Content\" button to initiate the character creation process.\r\n        \r\n3.  **Review Output**:\r\n    \r\n    -   The template processes the story and delivers a comprehensive analysis followed by detailed character descriptions.\r\n        \r\n4.  **Refine if Needed**:\r\n    \r\n    -   Review the character details for any adjustments to match your vision more closely.\r\n        \r\n\r\n## Tips for Using the Tool\r\n\r\n-   **Be Descriptive**: Provide as much detail as you can when entering the story to aid the template in generating precise character descriptions.\r\n    \r\n-   **Creativity Is Key**: Embrace the creative freedom the tool offers when it fills in missing details. Unique character traits can add depth to your story.\r\n    \r\n-   **Adhere to Tone**: Ensure the story's tone is maintained throughout by reviewing the generated descriptions and making small tweaks if necessary.\r\n    \r\n-   **Review & Edit**: While the tool provides a comprehensive start, always review and edit the outputs to align them perfectly with your vision.\r\n\r\n## FAQ's\r\n1.  **Q**: What does this template do?\r\n    \r\n    **A**: This template helps you create detailed descriptions of characters for your 3D animated story. It covers personality traits, appearances, and outfits for each character.\r\n    \r\n2.  **Q**: What information do I need to provide?\r\n    \r\n    **A**: You need to enter your story. The template will read the story to identify and create detailed character descriptions.\r\n    \r\n3.  **Q**: How are character details generated?\r\n    \r\n    **A**: The template reads your story and makes detailed character descriptions. It uses information from the story and adds creative details if needed to fit the narrative.\r\n    \r\n4.  **Q**: What if my story doesn’t mention certain character details?\r\n    \r\n    **A**: Don’t worry! The template uses creativity to fill in any details not mentioned in the story, like facial features or outfit styles, ensuring they match the story's tone.\r\n    \r\n5.  **Q**: Can I control the output style?\r\n    \r\n    **A**: Yes, your story's tone and details will influence the output. The AI will create character descriptions that are consistent with your story's style.\r\n    \r\n6.  **Q**: What if I don't like the character details provided?\r\n    \r\n    **A**: You can refine and adjust the initial descriptions to better fit your vision for the characters. Feel free to regenerate the character descriptions with a more detailed story input.\r\n    \r\n7.  **Q**: Are specific stories needed, like children's stories?\r\n    \r\n    **A**: Yes, the template is designed for kids' 3D animated stories, and it works best with narratives suited to children's genres.\r\n    \r\n8.  **Q**: How do I get the final character analysis?\r\n    \r\n    **A**: Simply enter your story and click \"Create Content.\" The AI will provide a comprehensive character analysis as per the template instructions.\r\n    \r\n9.  **Q**: Is it possible to change a character’s details after generation?\r\n    \r\n    **A**: Yes, you can modify the generated details to better align with your preferences or to add new ideas.\r\n    \r\n10.  **Q**: What format will the output be in?\r\n    \r\n     **A**: The output will be formatted with headers and subheaders for clarity, presenting each character's details sequentially as instructed in the template.\r\n    \r\n\r\n## Feedback\r\n\r\nWe value your opinion and are always looking to improve. Please share your experiences, suggestions, or issues with the 3D Animated Character Generation template by following the feedback link: [https://websitelearners.typeform.com/gravityai#name=3D%20Animated%20Character%20Generation](https://websitelearners.typeform.com/gravityai#name=3D%20Animated%20Character%20Generation)\r\n\r\nThis documentation aims to ensure you have all the information needed to effectively use the '3D Animated Character Generation' template. Happy storytelling!",
                "created_at": "2024-12-06T08:46:25.000000Z",
                "updated_at": "2025-03-17T06:31:38.000000Z",
                "is_multiprompt": false,
                "website_title": null,
                "allow_website": 0,
                "website_input_title": null,
                "website_input_placeholder": null,
                "category_name": "3D Animation",
                "bgImage": "https://gravitywrite.sgp1.digitaloceanspaces.com/gw/Gu9IC4b6MuwZt4v2PAlMjFxVY1MuZFmDbZP2KykH.svg",
                "iconColor": "#321fff"
            },
            {
                "id": 5001,
                "title": "2D Animation - Kids Story Ideas",
                "slug": "2d-animation-kids-story-ideas",
                "description": "This tool helps you come up with 10 fun and creative story ideas for 2D children's animations based on your chosen theme.",
                "frontend_headline": "Create Exciting Stories for Kids' 2D Animations",
                "icon_type": "icon",
                "icon_content": "fa-solid fa-lightbulb-on",
                "category_id": 49,
                "plan_id": "",
                "usage": 1377,
                "favcount": 22,
                "frontend_description": "## Introduction\r\n\r\nWelcome to **'2D - Kids Story Ideas template!** This tool designed to help you 10 fun and imaginative ideas for children's D animations based on theme of your choice Whether you're a budding, writer, or educator this template provides a springboard to develop and age-appropriate stories that captivate audiences.\r\n\r\n## How To Use The Tool\r\n\r\nUsing 2D Animation Kids Story Ideas is simple and intuitive Follow these steps to start unique storytelling concepts:\r\n\r\n1. **Enter Story:** Begin by input your theme or topic the story ideas the provided field. theme will serve as foundation for your creative ideas.\r\n\r\n2. **Content:** After entering desired theme, click the \"Create Content button. This will prompt tool to generate a of 10 diverse ideas tailored to your theme.\r\n\r\n3. **Review Ideas:** Examine the resulting of story ideas generated based on your input. These ideas will be presented under heading \"Top 10 Story Ideas for Kids,\" with each idea consisting of brief title and description.\r\n\r\n## Tips for Using the Tool\r\n\r\nHere are some tips to maximize your experience:\r\n\r\n- **Choose a Broad Theme:** Selecting a broad theme can result in a range of creative ideas. For example, instead of \"cats,\" consider a theme like \"pets\" or \"animals.\"\r\n\r\n- **Consider the Audience:** Ensure the theme you select is suitable for children and aligns with age-appropriate interests.\r\n\r\n- **Explore Different Themes:** Experiment with different themes to generate a variety of story concepts can inspire or combine into a unique storyline.\r\n\r\n- **Refine and Develop:** Use the generated ideas as a starting point and add your personal touch create compelling narratives ready for animation.\r\n\r\n## Feedback\r\n\r\nYour experience is important to! We encourage you to share your thoughts and suggestions on how we can enhance 2D Animation - Kids Story Ideas tool. Please provide your feedback this link: [Feedback for GravityWrite 2D Animation - Kids Story Ideas](https://websitelearners.typeform.com/gravity#name=2D%20Animation%20-%20Kids%25Story%20Ideas)",
                "created_at": "2024-12-23T08:41:15.000000Z",
                "updated_at": "2025-03-17T06:26:13.000000Z",
                "is_multiprompt": false,
                "website_title": null,
                "allow_website": 0,
                "website_input_title": null,
                "website_input_placeholder": null,
                "category_name": "2D Animation",
                "bgImage": "https://gravitywrite.sgp1.digitaloceanspaces.com/gw/pzKYloD91YBNUNAqPGDfdY0kKNKF1dABya6OnQXi.svg",
                "iconColor": "#de7224"
            },
            {
                "id": 5005,
                "title": "2D Animation - Story Generator",
                "slug": "2d-animation-story-generator",
                "description": "This tool turns a one-line idea into a fun and interesting story, perfect for children's 2D animation projects.",
                "frontend_headline": "Turn Simple Ideas into Captivating Stories for 2D Animation",
                "icon_type": "icon",
                "icon_content": "fa-solid fa-pen",
                "category_id": 49,
                "plan_id": "",
                "usage": 868,
                "favcount": 16,
                "frontend_description": "## Introduction\r\n\r\nWelcome to the '2D Animation - Story Generator' template on GravityWrite! Designed for creators and storytellers in the realm of children's media, this tool transforms your simple, one-line story ideas into fully-fledged narratives tailored for 2D animation. Imagine bringing your imaginative concepts to life with engaging, vibrant stories perfect for young audiences. This tool allows you to craft vivid plots, ensuring each story is suitable and visually captivating for children's 2D animation projects.\r\n\r\n## Key Functionalities of the Tool\r\n\r\n- **Story Expansion**: Converts a one-line story idea into a complete narrative with structured scenes, making it ideal for animation scripting.\r\n- **Character Customization**: Optionally specify the number of characters you want in your story for enhanced storytelling.\r\n- **Child-Friendly Content**: Ensures stories are suitable for young audiences, adhering to guidelines for non-violent and age-appropriate content.\r\n- **Scene Breakdown**: Provides a detailed scene-by-scene breakdown, aiding in visualization and animation planning.\r\n\r\n## How To Use The Tool\r\n\r\n1. **Input Your Story Idea**: Begin by entering a one-line story idea when prompted: \"✨ Enter your Story Idea!\"\r\n2. **Specify Characters**: Optionally, input the number of characters you wish to include in your story: \"👧 How many characters should be included in the story? (optional)\"\r\n3. **Create Content**: Once your inputs are ready, click on the \"Create Content\" button.\r\n4. **Review Output**: The tool will generate an expanded story in markdown format, organized into story summary and 8-10 scenes, prominently designed for 2D animation use.\r\n\r\n## Tips for Using the Tool\r\n\r\n- **Be Clear with Ideas**: Ensure your one-line story idea is concise yet descriptive to inspire a more dynamic narrative.\r\n- **Consider Character Dynamics**: While choosing the number of characters, think about interactions that will enrich the story.\r\n- **Visualize the Scenes**: As you review scene descriptions, imagine how they could be illustrated within a 2D animated framework, looking for vibrant, action-oriented moments.\r\n- **Iterate and Refine**: Feel free to experiment with different ideas and character setups to find the most engaging story for your project.\r\n\r\n## FAQ's\r\n1. **Q**: How does the '2D Animation - Story Generator' transform a one-line into a story?\r\n    \r\n    **A**: The tool expands your one-line story idea a complete narrative that's perfect for children's 2D animation, by creating a detailed summary, breaking it into scenes, and ensuring it’s child-friendly.\r\n    \r\n2. **Q**: Do I need to know how many characters are in my story idea?\r\n    \r\n    **A**: It’s optional. You can specify the number of characters you want, or leave it blank and the tool will decide based on your story idea.\r\n    \r\n3. **Q**: Can the tool generate a plot with a beginning, middle, and end?\r\n    \r\n    **A**: Yes, the story generator ensures your story has a structured plot by smoothly transitioning from beginning to end across different scenes.\r\n    \r\n4. **Q**: How does the tool ensure the story is suitable for children?\r\n    \r\n    **A**: The tool focuses on creating child-friendly content by avoiding scary or inappropriate elements and using vibrant, fun settings and characters.\r\n    \r\n5. **Q**: Is the generated story limited to a certain number of scenes?\r\n    \r\n    **A**: The story typically consists of 8-10 scenes, making it detailed yet concise enough for a children’s animated short film.\r\n    \r\n6. **Q**: What makes the stories suitable for 2D animation?\r\n    \r\n    **A**: The tool crafts stories with simple yet dynamic environments, colorful characters, and engaging actions that are perfect for animators to bring to life in 2D.\r\n    \r\n7. **Q**: Does the tool keep the language simple for children of all ages?\r\n    \r\n    **A**: Yes, it uses straightforward language that is easy for children to understand and enjoy.\r\n    \r\n8. **Q**: How can I visualize the output for a scene?\r\n    \r\n    **A**: Each scene describes characters, settings, and actions, giving you a clear picture of what’s happening and how it can be animated.\r\n    \r\n9. **Q**: Can I adjust my story after it’s been generated?\r\n    \r\n    **A**: Yes, once the story is generated, you can review and make any changes you see fit to better meet your needs.\r\n    \r\n10. **Q**: What should I expect in the final output format?\r\n    \r\n    **A**: The story is presented in markdown format with headings, making it easy to read and navigate through the story summary and detailed scene descriptions.\r\n\r\n## Feedback\r\n\r\nWe value your input on how we can enhance the 2D Animation - Story Generator tool! Please share your experiences, insights, or suggestions by filling out our feedback form: [Feedback Form](https://websitelearners.typeform.com/gravityai#name=2D%20Animation%20-%20Story%20Generator)",
                "created_at": "2024-12-24T04:09:38.000000Z",
                "updated_at": "2025-03-17T06:18:26.000000Z",
                "is_multiprompt": false,
                "website_title": null,
                "allow_website": 0,
                "website_input_title": null,
                "website_input_placeholder": null,
                "category_name": "2D Animation",
                "bgImage": "https://gravitywrite.sgp1.digitaloceanspaces.com/gw/pzKYloD91YBNUNAqPGDfdY0kKNKF1dABya6OnQXi.svg",
                "iconColor": "#de7224"
            },
            {
                "id": 5007,
                "title": "2D Animation - Characters Generator",
                "slug": "2d-animation-characters-generator",
                "description": "This tool identifies main characters from the provided story and generates clear, vivid descriptions for 2D animation.",
                "frontend_headline": "Generate Descriptive Characters from Your Stories",
                "icon_type": "icon",
                "icon_content": "fa-regular fa-people",
                "category_id": 49,
                "plan_id": "",
                "usage": 553,
                "favcount": 8,
                "frontend_description": "## Introduction\r\n\r\nWelcome to the '2D Animation - Characters Generator' template of GravityWrite. This tool is designed to assist storytellers, animators, and illustrators by providing concise and vivid descriptions of main characters from a given story. By analyzing story elements, the tool identifies key characters and generates visual descriptions suited for 2D animation, enhancing the storytelling process and facilitating animation production. Whether you're crafting a whimsical children's story or creating a dynamic animated series, this template helps bring your characters to life with clarity and precision.\r\n\r\n## How To Use The Tool\r\n\r\n### Step-by-Step Process\r\n\r\n1. **Prepare Your Story Idea**:\r\n    - Before using the tool, conceptualize your story. Clearly outline the plot and characters to make it easier for the tool to generate accurate descriptions.\r\n2. **Enter Your Story Idea**:\r\n    - When you're ready, enter your story idea into the designated field labeled **“✨ Enter your Story Idea!”**. Provide as much detail as possible regarding the story and characters.\r\n3. **Create Content**:\r\n    - Once your story is entered, click on the **“Create Content”** button. The tool will analyze the information and generate descriptions for the main characters.\r\n4. **Receive Character Descriptions**:\r\n    - After processing, you will receive a concise visual description of each main character, formatted for easy reference. These descriptions will include attributes such as age, eye color, hair details, build, and distinctive features.\r\n\r\n## Tips for Using the Tool\r\n\r\n- **Provide Detailed Story Inputs**: The more detailed your input story is, the more accurate and comprehensive the generated character descriptions will be.\r\n- **Focus on Main Characters**: While the tool can identify all characters, focus your story input on the main characters who are crucial to your plot.\r\n- **Review and Customize Descriptions**: Use the generated descriptions as a base. Feel free to customize them to better fit your creative vision for the animation.\r\n\r\n## FAQ’s\r\n\r\n1. **Q**: How does the character generator identify main characters from my story?\r\n    \r\n    **A**: The tool analyzes your story, picking out characters based on their importance to the plot and frequency of appearance.\r\n    \r\n2. **Q**: What kind of details should I expect in the character descriptions?\r\n    \r\n    **A**: You'll receive details about the characters' age, eye color, hair, build, skin tone, and any distinctive features, all formatted concisely.\r\n    \r\n3. **Q**: Can I input any type of story for character generation?\r\n    \r\n    **A**: Yes, as long as you provide a story with distinct characters, the tool will generate descriptions suitable for 2D animation.\r\n    \r\n4. **Q**: Do I need to format my story in a specific way before inputting it?\r\n    \r\n    **A**: No specific formatting is required. Simply enter your story idea as text.\r\n    \r\n5. **Q**: How do I ensure I get the most out of this template?\r\n    \r\n    **A**: Provide a complete story idea with clear character involvement for effective analysis and detailed descriptions.\r\n    \r\n6. **Q**: What if my story doesn't mention physical traits of a character?\r\n    \r\n    **A**: The tool will focus on the essence of the character based on their role and general traits to fill in the visual details.\r\n    \r\n7. **Q**: Do I get character expressions or posture in the description?\r\n    \r\n    **A**: No, the descriptions focus on physical traits like hair and eye color, but not on expressions or postures.\r\n    \r\n8. **Q**: Can the tool handle stories with multiple main characters?\r\n    \r\n    **A**: Yes, the tool can analyze and provide descriptions for multiple main characters as per the story.\r\n    \r\n9. **Q**: What if I want to change the character details after generation?\r\n    \r\n    **A**: You can refine your story input and generate new descriptions or manually adjust the output.\r\n    \r\n\r\n## Feedback\r\n\r\nYour input is invaluable in improving our tools. Please take a moment to share your experiences and suggestions with us using the [Feedback Form](https://websitelearners.typeform.com/gravityai#name=2D%20Animation%20-%20Characters%20Generator).",
                "created_at": "2024-12-24T06:41:43.000000Z",
                "updated_at": "2025-03-16T16:42:15.000000Z",
                "is_multiprompt": false,
                "website_title": null,
                "allow_website": 0,
                "website_input_title": null,
                "website_input_placeholder": null,
                "category_name": "2D Animation",
                "bgImage": "https://gravitywrite.sgp1.digitaloceanspaces.com/gw/pzKYloD91YBNUNAqPGDfdY0kKNKF1dABya6OnQXi.svg",
                "iconColor": "#de7224"
            },
            {
                "id": 5009,
                "title": "2D Animation - Image Prompts Generator",
                "slug": "2d-animation-image-prompts-generator",
                "description": "This tool turns your stories and character details into image prompts, helping you create clear and vivid illustrations for every scene.",
                "frontend_headline": "Generate Image Prompts from Your Story",
                "icon_type": "icon",
                "icon_content": "fa-solid fa-image",
                "category_id": 49,
                "plan_id": "",
                "usage": 512,
                "favcount": 9,
                "frontend_description": "## Introduction\r\n\r\nWelcome to **2D Animation - Image Prompts Generator template on GravityWrite. This tool is designed to transform your captivating stories and vibrant character details into image prompts. These prompts help you create clear, vivid illustrations for every scene in a story, assisting in crafting detailed visual narratives that bring your children's stories to life.\r\n\r\n### Benefits:\r\n\r\n- **Ease of Visualization**: Seamlessly convert textual narratives into visual prompts suitable for AI image generation models.\r\n- **Enhanced Creativity**: Provides a structured approach to breaking down scenes, enabling the creation of consistent and coherent story illustrations.\r\n- **User-Friendly**: Designed for both beginners and expert storytellers, making the process straightforward and intuitive.\r\n\r\n## How to Use the Tool\r\n\r\nTo create compelling image prompts using the 2D Animation - Image Prompts Generator, follow these simple steps:\r\n\r\n1. **Enter Your Story**: Start by pasting your entire story in the text box provided. This is the narrative your image prompts will be based on.\r\n2. **Describe Your Characters**: Enter the names of your main characters along with detailed descriptions. Be sure to cover their appearance, personality traits, and distinct features.\r\n3. **Create Content**: Once your story and character descriptions are entered, press the \"Create Content\" button. The tool will process your input and generate a series of image prompts.\r\n\r\n## Tips for Using the Tool\r\n\r\n- **Detailed Descriptions**: When describing characters and scenes, include specific details where possible. This helps ensure the image prompts are vivid and precise.\r\n- **Scene Breakdown**: Think about your story in logical scenes and actions, as this will help in generating coherent prompts.\r\n- **Consistent Backgrounds**: When dealing with multiple characters in a scene, ensure the backdrop remains consistent to maintain narrative continuity.\r\n- **Feedback & Iteration**: After your initial prompts are generated, review them carefully against your story. Adjust your input in the \"Enter your Story\" and \"Enter your main characters and their descriptions\" fields if needed for improved output.\r\n\r\n## FAQ’s\r\n\r\n1. **Q**: How do I start using the '2D Animation - Image Prompts Generator' template?\r\n**A**: Begin by entering your story in the 'Enter your Story!' section and then describe the main characters in 'Enter your main characters and their descriptions.' Press \"Create Content\" to generate prompts.\r\n2. **Q**: What details should I include when I enter my story?\r\n**A**: Provide a concise version of your story covering all key scenes, main events, and how the story progresses from start to end.\r\n3. **Q**: How are image prompts created from the story and character details I provide?\r\n**A**: The template breaks down each scene into shots and creates image prompts focusing on visuals like character actions, expressions, and the setting.\r\n4. **Q**: What should I do if the output prompts don't match my story accurately?\r\n**A**: Consider refining your story and character descriptions to be more detailed or clear and retry generating the prompts.\r\n5. **Q**: Is the sequence of image prompts generated aligned with my story progression?\r\n**A**: Yes, the template ensures that the sequence of prompts logically follows the progression of your story.\r\n\r\n## Feedback\r\n\r\nYour experience is important to us! We invite you to share your feedback and suggestions for the **2D Animation - Image Prompts Generator**. Your input will help us enhance the tool. Please visit [this feedback link](https://websitelearners.typeform.com/gravityai#name=2D%20Animation%20-%20Image%20Prompts%20Generator) to provide your thoughts.",
                "created_at": "2024-12-24T07:35:32.000000Z",
                "updated_at": "2025-03-17T05:09:07.000000Z",
                "is_multiprompt": false,
                "website_title": null,
                "allow_website": 0,
                "website_input_title": null,
                "website_input_placeholder": null,
                "category_name": "2D Animation",
                "bgImage": "https://gravitywrite.sgp1.digitaloceanspaces.com/gw/pzKYloD91YBNUNAqPGDfdY0kKNKF1dABya6OnQXi.svg",
                "iconColor": "#de7224"
            },
            {
                "id": 5044,
                "title": "2D Video Prompt Generator",
                "slug": "2d-video-prompt-generator",
                "description": "This tool converts story-based image prompts into detailed, actionable video prompts tailored for 2D animation videos.",
                "frontend_headline": "Convert Image Prompts into Actionable Video Prompts",
                "icon_type": "icon",
                "icon_content": "fa-solid fa-photo-film",
                "category_id": 49,
                "plan_id": "",
                "usage": 418,
                "favcount": 8,
                "frontend_description": "## Introduction\r\n\r\nThe **2D Video Prompt Generator** is an innovative tool designed to transform story-based image prompts into detailed, actionable video prompts specifically tailored for 2D animation videos. This template is ideal for animators and creators who wish to streamline the process of turning visual concepts into vibrant animated scenes. By providing clear and concise prompts, this tool helps ensure high-quality animation outcomes that closely align with your creative vision.\r\n\r\n## Key Functionalities of the Tool\r\n\r\n- **Story and Image Prompt Integration:** Seamlessly converts the narrative and visual elements of a story into structured video prompts.\r\n- **Detailed Descriptions:** Ensures complete and detailed character and scene descriptions for precise animation instructions.\r\n- **Scene and Shot Breakdown:** Categorizes scenes and shots to provide a structured approach to video prompt creation.\r\n\r\n## How To Use The Tool\r\n\r\n### Step-by-Step Process\r\n\r\n1. **Enter Your Story:** Start by inputting the story that provides context to the animation. This should outline the plot, characters, and settings.\r\n2. **Enter the Image Prompts:** Next, provide image prompts that visually represent key elements or moments from the story. These will serve as the foundation for the video prompts.\r\n3. **Create Content:** After entering the necessary information, click on the \"Create Content\" button. This will initiate the conversion process, generating detailed video prompts from the inputs.\r\n4. **Receive Output:** The tool will produce structured video prompts divided by scenes and shots, formatted for easy implementation into animation projects.\r\n\r\n## Tips for Using the Tool\r\n\r\n- **Precision and Clarity:** Use precise language and detailed descriptions in both story and image prompts to ensure accurate video prompt generation.\r\n- **Consistency in Descriptions:** Maintain consistency in character appearances and scene settings across prompts for continuity.\r\n- **Leverage Environmental Details:** Incorporate elements like weather, lighting, and background movement to enrich the animation's visual quality.\r\n- **Experiment and Iterate:** Feel free to adjust story and image prompts to explore different visual outcomes and enhance creativity.\r\n\r\n## FAQ’s\r\n\r\n1. **Q**: How do I start using the 2D video prompt generator?\r\n    \r\n    **A**: To start, enter your story in the specified input box and then provide the image prompts for each scene of your story. After both are entered, press \"Create Content\" to generate your video prompts.\r\n    \r\n2. **Q**: What exactly are image prompts?\r\n    \r\n    **A**: Image prompts are detailed descriptions of visuals or scenes from your story. These prompts help the template understand what visuals are needed in each shot of your animation.\r\n    \r\n3. **Q**: Why do I need to provide a story and image prompts?\r\n    \r\n    **A**: The story provides context for the scenes, while the image prompts give specific details for each shot. This combination helps create accurate and actionable video prompts for animators.\r\n    \r\n4. **Q**: What should I include in my story input?\r\n    \r\n    **A**: Include the main plot points, setting, and character interactions of your story. Make sure it's clear enough to understand the sequence and flow of your narrative.\r\n    \r\n5. **Q**: How detailed do my image prompts need to be?\r\n    \r\n    **A**: As detailed as possible. Include descriptions of characters, their actions, and the environment. Details help create vivid and precise video prompts for animation.\r\n    \r\n6. **Q**: What style should I expect for the video prompts?\r\n    \r\n    **A**: Prompts are designed for a 2D animated cartoon style. Each prompt will describe the scene in detail, focusing on actions, movements, and environmental elements suitable for this style of animation.\r\n    \r\n7. **Q**: What if I want to change something in my story or image prompts after generating the output?\r\n    \r\n    **A**: Simply edit your story or image prompts and click \"Create Content\" again. The template will generate a new set of video prompts based on your updated inputs.\r\n    \r\n\r\n## Feedback\r\n\r\nWe value your experience and suggestions for improving the **2D Video Prompt Generator**. Please share your feedback by visiting: [Feedback Form](https://websitelearners.typeform.com/gravityai#name=2D%20Video%20Prompt%20Generator).",
                "created_at": "2024-12-30T05:10:20.000000Z",
                "updated_at": "2025-03-17T06:27:01.000000Z",
                "is_multiprompt": false,
                "website_title": null,
                "allow_website": 0,
                "website_input_title": null,
                "website_input_placeholder": null,
                "category_name": "2D Animation",
                "bgImage": "https://gravitywrite.sgp1.digitaloceanspaces.com/gw/pzKYloD91YBNUNAqPGDfdY0kKNKF1dABya6OnQXi.svg",
                "iconColor": "#de7224"
            },
            {
                "id": 5045,
                "title": "2D Video Script Generator",
                "slug": "2d-video-script-generator",
                "description": "This tool turns children's stories into fun and engaging 2D animation scripts with simple narration and dialogue, perfect for capturing kids' attention.",
                "frontend_headline": "Turn Children's Stories into Creative Animation Scripts",
                "icon_type": "icon",
                "icon_content": "fa-solid fa-scroll",
                "category_id": 49,
                "plan_id": "",
                "usage": 359,
                "favcount": 9,
                "frontend_description": "## Introduction\r\n\r\nWelcome to the **2D Video Script Generator**! This cutting-edge tool transforms children's stories into engaging and fun 2D animation scripts. Crafted with simplicity and creativity in mind, this template is perfect for captivating a child's imagination through imaginative narration and dialogue. Whether you're an educator, parent, or content creator, this tool helps bring stories to life as compelling animated video scripts.\r\n\r\n## Key Functionalities of the Tool\r\n\r\n- **Automated Script Creation**: Converts text stories into a formatted script ready for animation.\r\n- **Scene Separation**: Organizes your story into distinct scenes, ensuring a clear progression.\r\n- **Child-Friendly Narration**: Ensures narration is engaging and suitable for young audiences.\r\n- **Basic Dialogue Integration**: Includes simple dialogues to enhance storytelling.\r\n\r\n## How To Use The Tool\r\n\r\n1. **Enter Your Story**:\r\n    - Begin by entering your children's story in the specified input field labeled \"✨ Enter your Story!\"\r\n2. **Create Content**:\r\n    - Once your story is entered, click on the \"Create Content\" button to generate the script.\r\n3. **Review Your Script**:\r\n    - The tool will transform the input story into a formatted script. Each scene will be divided as per the original story layout, providing narration and dialogue that adhere to child-friendly standards.\r\n\r\n## Tips for Using the Tool\r\n\r\n- **Ensure Clarity**: Keep your original story clear and straightforward, as this will lead to a more cohesive script.\r\n- **Maintain Simplicity**: Use simple vocabulary and concepts, aligning with children's comprehension levels.\r\n- **Focus on Engagement**: Think about elements that will captivate a child's interest, like vibrant descriptions and playful dialogues.\r\n- **Scene Structure**: Break down your story into well-defined scenes to enhance clarity and flow in the resulting script.\r\n\r\n## FAQ’s\r\n\r\n1. **Q**: What type of stories should I use for the 2D Video Script Generator?\r\n    \r\n    **A**: Use simple and engaging children's stories that are easy to divide into scenes. Ensure the stories have clear storylines, with beginnings, middles, and ends, to make script generation straightforward.\r\n    \r\n2. **Q**: How should I enter my story into the tool?\r\n    \r\n    **A**: Simply type or paste your story into the \"Enter your Story\" input box. Make sure your story is divided into scenes for better script organization.\r\n    \r\n3. **Q**: What happens if my story is too complex?\r\n    \r\n    **A**: The tool simplifies complex stories to maintain children's interest. Try to simplify your story before inputting if possible.\r\n    \r\n4. **Q**: What age group is the script intended for?\r\n    \r\n    **A**: The script is crafted for young children. It uses simple, engaging language suitable for ages 3-8.\r\n    \r\n5. **Q**: Can I edit the generated script if needed?\r\n    \r\n    **A**: Yes, you can edit the script after it’s generated to match your specific requirements or style.\r\n    \r\n6. **Q**: What if I don’t like the generated script?\r\n    \r\n    **A**: You can adjust your original story or the scene divisions and re-generate a new script, or make personal edits to the provided script.\r\n    \r\n\r\n## Feedback\r\n\r\nWe value your insights and suggestions. Please share your experiences or offer feedback on how we can enhance the 2D Video Script Generator. Visit our feedback page at: [Feedback Form](https://websitelearners.typeform.com/gravityai#name=2D%20Video%20Script%20Generator)",
                "created_at": "2024-12-30T05:45:39.000000Z",
                "updated_at": "2025-03-17T06:20:21.000000Z",
                "is_multiprompt": false,
                "website_title": null,
                "allow_website": 0,
                "website_input_title": null,
                "website_input_placeholder": null,
                "category_name": "2D Animation",
                "bgImage": "https://gravitywrite.sgp1.digitaloceanspaces.com/gw/pzKYloD91YBNUNAqPGDfdY0kKNKF1dABya6OnQXi.svg",
                "iconColor": "#de7224"
            },
            {
                "id": 470,
                "title": "Niche Idea Generator",
                "slug": "niche-idea-generator",
                "description": "Get unique, engaging, and specially tailored niche concepts for content based on a specific category and topic.",
                "frontend_headline": "Unlock niche inspiration for your writing projects.",
                "icon_type": "svg",
                "icon_content": "<svg version=\"1.1\"      id=\"svg2\"      xmlns:dc=\"http://purl.org/dc/elements/1.1/\"      xmlns:cc=\"http://creativecommons.org/ns#\"      xmlns:rdf=\"http://www.w3.org/1999/02/22-rdf-syntax-ns#\"      xmlns:svg=\"http://www.w3.org/2000/svg\"      xmlns:sodipodi=\"http://sodipodi.sourceforge.net/DTD/sodipodi-0.dtd\"      xmlns:inkscape=\"http://www.inkscape.org/namespaces/inkscape\"      sodipodi:docname=\"idea.svg\"      inkscape:version=\"0.48.4 r9939\"      xmlns=\"http://www.w3.org/2000/svg\"      xmlns:xlink=\"http://www.w3.org/1999/xlink\"      width=\"18px\"      height=\"18px\"      viewBox=\"0 0 1200 1200\"      enable-background=\"new 0 0 1200 1200\"      xml:space=\"preserve\">     <path id=\"rect2989-0\"           inkscape:connector-curvature=\"0\"           d=\"M567.663,0v190.423h64.679V0h-64.685H567.663z M303.553,57.225l-52.992,37.103l109.203,155.946l52.963-37.104L303.553,57.225z M896.439,57.225L787.268,213.171l52.971,37.104L949.44,94.328l-52.992-37.103H896.439z M599.989,242.524c-158.227,0-286.493,96.083-286.493,214.625l162.772,492.948h247.47l162.758-492.948c0-118.54-128.258-214.625-286.492-214.625H599.989z M85.465,299.673l-22.099,60.814l178.849,65.114l22.181-60.785L85.461,299.673H85.465z M1114.527,299.673l-178.936,65.148l22.106,60.792l178.936-65.125L1114.527,299.673z M255.756,577.681L71.856,627.007l16.686,62.431l183.9-49.255l-16.683-62.502H255.756z M944.236,577.681l-16.674,62.501l183.9,49.247l16.674-62.432l-183.9-49.318V577.681z M472.66,986.032v85.686h254.687v-85.673H472.661L472.66,986.032z M472.66,1114.314V1200h254.687v-85.672H472.661L472.66,1114.314z\"           fill=\"currentColor\"/> </svg>",
                "category_id": 29,
                "plan_id": "",
                "usage": 74648,
                "favcount": 501,
                "frontend_description": "## Introduction:\r\n\r\nThe 'Niche Idea Generator' template is designed to provide you with unique, engaging, and specially tailored niche concepts for your content based on a specific category and topic. Whether you're a blogger, content creator, or marketer, this tool can help you discover fresh ideas to captivate your audience.\r\n\r\n## How To Use The Tool:\r\n\r\n1. Begin by answering the question, \"What are you interested in?\"\r\n2. Once you have entered your interests, press \"Create Content\" to generate niche ideas based on your preferences.\r\n\r\n## Tips for using the tool:\r\n\r\n- Experiment with different combinations of interests to explore a wide range of niche ideas.\r\n- Save your favorite ideas for future reference or inspiration.\r\n- Use the generated niche ideas as a starting point and customize them to suit your brand or style.\r\n\r\n## **FAQ for Tools**\r\n\r\n1. **Q**: How does the Niche Idea work?\r\n    \r\n    **A**: Simply input what you are interested in and press \"Create Content\" to receive unique niche concepts tailored to your specific category and topic.\r\n    \r\n2. **Q**: Can I select multiple interests for generating niche ideas?\r\n    \r\n    **A:** Currently, you can only input one interest at a time to receive niche concepts, but you can try different interests consecutively for varied ideas.\r\n    \r\n3. **Q**: How long does it take to generate niche ideas after pressing \"Create Content\"?\r\n    \r\n    **A:** : The generated niche ideas are typically provided instantly after you submit your interest and press the button.\r\n    \r\n4. **Q**: Are the niche ideas generated by the Niche Idea Generator copyrighted?\r\n    \r\n    **A**: The niche ideas provided are unique concepts generated by the AI specifically for your input and are not copyrighted.\r\n    \r\n5. **Q**: Can I use the niche ideas for commercial purposes?\r\n    \r\n    **A:** : The niche ideas provided can be used for commercial purposes, such as content creation, brainstorming, or marketing strategies.\r\n    \r\n6. **Q**: What kind of niche ideas can I expect from the Niche Idea Generator?\r\n    \r\n    **A:** : The Niche Idea Generator provides unique, engaging, and specially tailored niche concepts based on your specific interests, ensuring a fresh perspective on your chosen category and topic.\r\n    \r\n7. **Q**: Can I request specific types of niche ideas within the Niche Idea Generator?\r\n    \r\n    **A:** : The Niche Idea Generator automatically generates niche ideas based on your input interest without the option to request specific types at this time.\r\n    \r\n8. **Q**: How can I use the niche ideas generated to improve my content creation strategy?\r\n    \r\n    **A**: The niche ideas can serve as inspiration for creating unique and engaging content, helping you explore new angles and topics within your chosen category.\r\n    \r\n\r\n## Feedback:\r\n\r\nWe value your input! Share your experience and suggestions for improving the 'Niche Idea Generator' template by clicking on the following link: [[Feedback Form]](https://websitelearners.typeform.com/gravityai#name=niche-idea-generator)",
                "created_at": "2023-10-10T01:58:08.000000Z",
                "updated_at": "2025-03-17T06:23:09.000000Z",
                "is_multiprompt": false,
                "website_title": null,
                "allow_website": 0,
                "website_input_title": null,
                "website_input_placeholder": null,
                "category_name": "Idea Generation",
                "bgImage": "https://gravitywrite.sgp1.digitaloceanspaces.com/gw/l3cWTVFtFjP09QeThAKDYVMExOOK6dAIBZH0FEsl.svg",
                "iconColor": "#0b3866"
            },
            {
                "id": 154,
                "title": "Movie Trailer Script",
                "slug": "movie-trailer-script",
                "description": "This is your go-to tool for creating engaging movie trailer scripts. It's as simple as providing your film's genre and trailer duration.",
                "frontend_headline": "Quickly generate attention-grabbing previews for your films.",
                "icon_type": "icon",
                "icon_content": "fa-solid fa-film",
                "category_id": 27,
                "plan_id": "1",
                "usage": 122396,
                "favcount": 692,
                "frontend_description": "## Introduction:\r\n\r\nThe 'Movie Trailer Script' template is your ultimate tool for crafting captivating movie trailer scripts effortlessly. By simply specifying the genre of your film, the desired duration of your trailer, and adding a one-liner story, you can create a compelling script that sets the stage for your upcoming movie.\r\n\r\n## How To Use The Tool:\r\n\r\n1. Start by entering the genre of your film.\r\n2. Next, specify the duration you want for your trailer.\r\n3. Add a gripping one-liner story to hook your audience.\r\n4. Once all questions are answered, click on \"Create Content\" to generate your movie trailer script.\r\n\r\n## Tips for Using the Tool:\r\n\r\n- Be creative with your one-liner story to capture the essence of your film.\r\n- Keep your trailer duration in mind to ensure it aligns with industry standards.\r\n- Experiment with different genres to explore various storytelling possibilities.\r\n\r\n## **FAQ for Tools**\r\n\r\n1. **Q**: How does the 'Movie Trailer Script' template work?\r\n    \r\n    **A**: Simply input the genre of your film, the desired duration of your trailer, and add a one-line story to create an engaging movie trailer script.\r\n    \r\n2. **Q**: What information do I need to provide to use the 'Movie Trailer Script' template?\r\n    \r\n    **A**: You need to provide the genre of the film, the desired duration of the trailer, and a one-line story to get started.\r\n    \r\n3. **Q**: Can I customize the movie trailer script generated by this template?\r\n    \r\n    **A**: Yes, you can customize the output generated by adjusting the genre, duration, or story input to better fit your film.\r\n    \r\n4. **Q**: How long does it take to generate a movie trailer script using this template?\r\n    \r\n    **A**: It takes just a few seconds to generate a movie trailer script once you have provided the necessary information and clicked on 'Create Content'.\r\n    \r\n5. **Q**: Is the movie trailer script generated by this template suitable for different genres?\r\n    \r\n    **A**: Yes, the template is versatile and can create engaging movie trailer scripts for a wide range of genres.\r\n    \r\n6. **Q**: Can I preview the movie trailer script before finalizing it?\r\n    \r\n    **A**: Unfortunately, you cannot preview the script before finalizing it, but you can always make changes to the input parameters and generate a new script.\r\n    \r\n7. **Q**: Are there any restrictions on the duration of the movie trailer script I can create?\r\n    \r\n    **A**: You can input your desired duration for the trailer, but keep in mind that the generated script will be based on the information provided.\r\n    \r\n8. **Q**: Do I need to have a specific level of writing expertise to use this template?\r\n    \r\n    **A**: No, the 'Movie Trailer Script' template is designed to be user-friendly and does not require any specific writing expertise to use.\r\n    \r\n9. **Q**: Can I use the movie trailer script generated by this template for commercial purposes?\r\n    \r\n    **A**: Yes, you can use the script generated by this template for commercial purposes, such as creating a trailer for your film.\r\n    \r\n10. **Q**: How accurate and engaging are the movie trailer scripts generated by this template?\r\n    \r\n    **A**: The movie trailer scripts generated by this template are accurate and engaging, providing a solid foundation for crafting your film's trailer.\r\n    \r\n\r\n## Feedback:\r\n\r\nWe value your feedback! Share your experience with the 'Movie Trailer Script' template and any suggestions for improvement by visiting our feedback link: [Feedback Form](https://websitelearners.typeform.com/gravityai#name=movie-trailer-script)",
                "created_at": "2023-09-12T04:01:16.000000Z",
                "updated_at": "2025-03-16T11:39:02.000000Z",
                "is_multiprompt": false,
                "website_title": null,
                "allow_website": 0,
                "website_input_title": null,
                "website_input_placeholder": null,
                "category_name": "Film Making Tools",
                "bgImage": "https://gravitywrite.sgp1.digitaloceanspaces.com/gw/enrBCIkbzgO6tUSGx1pJ6UKSb1IFWcvpAwzQY0OT.svg",
                "iconColor": "#0b72d9"
            },
            {
                "id": 162,
                "title": "Long-tail Keyword Generator",
                "slug": "long-tail-keyword-generator",
                "description": "Give us your chosen keyword and allow us to construct a table of 30 unique long-tail keywords, accompanying blog post titles, categories, and identified search intents.",
                "frontend_headline": "Get a list of 30 long-tail keywords and blog post titles",
                "icon_type": "icon",
                "icon_content": "fa-solid fa-magnifying-glass-chart",
                "category_id": 22,
                "plan_id": "",
                "usage": 24189,
                "favcount": 165,
                "frontend_description": "## Introduction:\r\n\r\nThe 'Long-tail Keyword Generator' template on gravitywrite allows you to input your target keyword and receive a list of 30 unique long-tail keywords, along with blog post titles, categories, and search intents. This tool is designed to help you enhance your content strategy and improve SEO performance.\r\n\r\n## Key Functionalities:\r\n\r\n- Generate 30 unique long-tail keywords based on your target keyword\r\n- Receive accompanying blog post titles and categories for each generated keyword\r\n- Understand the search intents behind the long-tail keywords provided\r\n\r\n## How To Use The Tool:\r\n\r\n1. Enter your target keyword in the designated field.\r\n2. Press the \"Create Content\" button to generate the output.\r\n3. Review the list of 30 unique long-tail keywords, blog post titles, categories, and search intents provided.\r\n\r\n## Tips for Using the Tool:\r\n\r\n- Experiment with different variations of your target keyword to generate a diverse list of long-tail keywords.\r\n- Use the identified search intents to tailor your content to better meet the needs of your audience.\r\n- Regularly update your keyword research to stay ahead of the competition and adapt to changing trends in your industry.\r\n\r\n## FAQs:\r\n\r\n1. **Q**: How does the 'Long-tail Keyword Generator' template work?\r\n    \r\n    **A**: Simply enter your target keyword, and our AI will generate a table of 30 unique long-tail keywords, blog post titles, categories, and identified search intents based on your input.\r\n    \r\n2. **Q**: Can I input multiple keywords at once?\r\n    \r\n    **A**: This template accepts one keyword at a time for generating long-tail keywords. If you have multiple keywords, you can input them one after the other to get tailored results for each.\r\n    \r\n3. **Q**: What can I do with the generated long-tail keywords?\r\n    \r\n    **A**: The long-tail keywords generated can help you optimize your content for better search engine visibility, attract targeted traffic, and provide ideas for relevant blog post topics.\r\n    \r\n4. **Q**: How can I use the blog post titles suggested by the AI?\r\n    \r\n    **A**: The suggested blog post titles can serve as inspiration for creating engaging and relevant content around your target keyword, helping you attract more readers and improve your SEO efforts.\r\n    \r\n5. **Q**: What is the significance of identifying search intents in the generated keywords?\r\n    \r\n    **A**: Understanding the search intents behind each long-tail keyword can help you tailor your content to meet the specific needs and expectations of users searching for that particular topic.\r\n    \r\n6. **Q**: Are the generated long-tail keywords suitable for all types of content?\r\n    \r\n    **A**: The long-tail keywords generated by this template are versatile and can be used for various content types such as blog posts, articles, product descriptions, and more, depending on your content strategy.\r\n    \r\n7. **Q**: Can I export the generated long-tail keywords for future reference?\r\n    \r\n    **A**: Currently, the option to export the generated long-tail keywords is not available within the template. We recommend taking screenshots or notes for future use.\r\n    \r\n8. **Q**: How often should I use the 'Long-tail Keyword Generator' template for my content strategy?\r\n    \r\n    **A**: Using this template periodically can help you discover new long-tail keywords, stay updated on search trends, and continuously optimize your content to reach a broader audience.\r\n    \r\n9. **Q**: Can the 'Long-tail Keyword Generator' template help me with my SEO efforts?\r\n    \r\n    **A**: Yes, the long-tail keywords generated by this template can improve your SEO by targeting specific search queries, reducing competition, and driving more organic traffic to your website.\r\n    \r\n\r\n## Feedback:\r\n\r\nWe value your feedback! Please share your experiences and suggestions for improving the 'Long-tail Keyword Generator' template by clicking the following link: [[LINK]](https://websitelearners.typeform.com/gravityai#name=long-tail-keyword-generator)",
                "created_at": "2023-09-12T05:59:04.000000Z",
                "updated_at": "2025-03-17T06:25:58.000000Z",
                "is_multiprompt": false,
                "website_title": null,
                "allow_website": 0,
                "website_input_title": null,
                "website_input_placeholder": null,
                "category_name": "SEO Tools",
                "bgImage": "https://gravitywrite.sgp1.digitaloceanspaces.com/gw/zuyLAio7iaCRQ4Z47qv1gqE4glTfMeqPnEUwOrZn.svg",
                "iconColor": "#1500fa"
            },
            {
                "id": 110,
                "title": "Quora Answer",
                "slug": "quora-answer",
                "description": "Answer Quora questions with ease using our tool. It crafts responses in a human-like style, fitting your niche and language perfectly, without any personal bias.",
                "frontend_headline": "Save time by generating Quora responses with our tool",
                "icon_type": "icon",
                "icon_content": "fa-solid fa-comment",
                "category_id": 22,
                "plan_id": "",
                "usage": 5095,
                "favcount": 50,
                "frontend_description": "## Introduction\r\n\r\nThe Quora Answer template on our gravitywrite AI writing platform allows you to effortlessly respond to Quora questions in a natural and personalized manner. By providing key information about the product or brand, niche description, and the Quora question, you can generate engaging responses tailored to your needs without any personal bias.\r\n\r\n## Key Functionalities\r\n\r\n- Craft responses in a human-like style\r\n- Fit your niche and language perfectly\r\n- Remove personal bias from your answers\r\n\r\n## How To Use The Tool\r\n\r\n1. Begin by entering the product or brand name.\r\n2. Describe your niche accurately.\r\n3. Input the Quora question you wish to answer.\r\n4. Press \"Create Content\" to generate your response.\r\n\r\n## Tips for Using the Tool\r\n\r\n- Provide clear and concise information in the input fields to ensure the generated response is accurate and relevant.\r\n- Review the generated response for any errors or inaccuracies before posting it on Quora.\r\n- Experiment with different combinations of information to see which one produces the best results.\r\n\r\n## FAQ's\r\n\r\n1. **Q**: How does the 'Quora Answer' template work?\r\n    \r\n    **A**: The 'Quora Answer' template makes it easy to respond to Quora questions by providing a user-friendly interface where you can input the product/brand name, describe your niche, and the specific Quora question you want to address. Simply answer these questions and click 'Create Content' to generate a response.\r\n    \r\n2. **Q**: Will the responses created by the 'Quora Answer' template sound like they were written by a real person?\r\n    \r\n    **A**: Yes, the responses crafted by the 'Quora Answer' template are designed to sound human-like and natural, fitting your niche and language preferences. The template ensures that there is no personal bias in the generated content.\r\n    \r\n3. **Q**: Is there a limit to the number of Quora questions I can answer using this template?\r\n    \r\n    **A**: There is no set limit to the number of Quora questions you can address with the 'Quora Answer' template. You can use it to respond to as many questions as you like, making it a versatile tool for engaging with the Quora community.\r\n    \r\n4. **Q**: Is it easy to use the 'Quora Answer' template, even for beginners?\r\n    \r\n    **A**: Yes, the 'Quora Answer' template is designed to be user-friendly and intuitive, making it easy for beginners to use. Simply follow the instructions, input your information, and let the template do the rest.\r\n    \r\n5. **Q:** Can I review and edit the responses before posting them on Quora?\r\n    \r\n    **A**: Yes, you have the option to review and edit the responses generated by the 'Quora Answer' template before posting them on Quora. This allows you to make any final adjustments or additions to ensure the response reflects your intentions accurately.\r\n    \r\n6. **Q**: Will the responses generated by the 'Quora Answer' template be relevant to the Quora question asked?\r\n    \r\n    **A**: Yes, the 'Quora Answer' template is designed to create responses that are relevant and specific to the Quora question provided. By inputting the necessary details in the template, you can ensure that the generated response directly addresses the question at hand.\r\n    \r\n7. **Q**: Can I use the 'Quora Answer' template to respond to a wide range of Quora questions?\r\n    \r\n    **A**: Yes, you can use the 'Quora Answer' template to address a variety of Quora questions within your niche. By describing your niche when answering the template questions, you can tailor the responses to different topics and discussions on Quora.\r\n    \r\n8. **Q:**  Is there a preview feature to see how the generated response will look before posting it?\r\n    \r\n    **A**: Unfortunately, there is currently no preview feature available to see how the generated response will look before posting it on Quora. However, you can review and edit the response within the template itself to ensure it meets your standards before sharing it with the Quora community.\r\n    \r\n\r\n## Feedback\r\n\r\nWe value your feedback! Share your experiences and suggestions for improving the Quora Answer template by clicking [[here]](https://websitelearners.typeform.com/gravityai#name=quora-answer)\r\n\r\nYour input helps us enhance our services for you.",
                "created_at": "2023-07-03T00:19:15.000000Z",
                "updated_at": "2025-03-17T05:05:40.000000Z",
                "is_multiprompt": false,
                "website_title": null,
                "allow_website": 0,
                "website_input_title": null,
                "website_input_placeholder": null,
                "category_name": "SEO Tools",
                "bgImage": "https://gravitywrite.sgp1.digitaloceanspaces.com/gw/zuyLAio7iaCRQ4Z47qv1gqE4glTfMeqPnEUwOrZn.svg",
                "iconColor": "#1500fa"
            },
            {
                "id": 167,
                "title": "Keyword Clustering - PRO",
                "slug": "keyword-clustering-pro",
                "description": "Analyze keywords like a pro. It sorts and clusters keywords based on their search intent, and provides a list of long-tail keywords.",
                "frontend_headline": "Find the perfect keywords for your SEO strategy.",
                "icon_type": "icon",
                "icon_content": "fa-solid fa-clipboard-check",
                "category_id": 22,
                "plan_id": "",
                "usage": 1959,
                "favcount": 46,
[...]
s of your business to maintain optimal ad performance.\r\n3. Lastly, make optimal use of the ad engagement data generated by the 'Ad Targeting Helper'. It can provide valuable insights into improving your overall ad campaign.\r\n\r\n### **FAQ's**\r\n\r\n1. **Q**: How does the Ad Targeting Helper AI tool work?\r\n    \r\n    **A**: The Ad Targeting Helper AI tool works by asking you to describe your product or service, and then specify your target location. After answering these questions, you can press \"Create Content\" to generate content tailored to help you reach your ideal customers.\r\n    \r\n2. **Q**: What type of businesses can benefit from using the Ad Targeting Helper template?\r\n    \r\n    **A**: Any business that wants to identify their target audience, set their budget, optimize ad performance, and monitor ad engagement can benefit from using the Ad Targeting Helper template.\r\n    \r\n3. **Q**: How can the Ad Targeting Helper help me reach my ideal customers?\r\n    \r\n    **A**: The Ad Targeting Helper helps you identify your target audience and optimize ad performance, increasing the likelihood of reaching your ideal customers through more targeted advertising.\r\n    \r\n4. **Q**: What do I do if I have trouble using the Ad Targeting Helper template?\r\n    \r\n    **A**: If you have trouble using the Ad Targeting Helper template, you can reach out to our customer support team for assistance.\r\n    \r\n5. **Q**: Can the Ad Targeting Helper template help me set my advertising budget?\r\n    \r\n    **A**: While the Ad Targeting Helper can provide insights to help you set your budget, it's important to consult with a marketing professional or financial advisor for setting an appropriate advertising budget.\r\n    \r\n6. **Q**: What kind of content will the Ad Targeting Helper generate for me?\r\n    \r\n    **A**: The Ad Targeting Helper will generate content tailored to help you reach your ideal customers by optimizing ad performance and targeting your audience effectively.\r\n    \r\n7. **Q**: Do I need any special skills or knowledge to use the Ad Targeting Helper template?\r\n    \r\n    **A**: No, the Ad Targeting Helper template is designed to be user-friendly, requiring only basic information about your product or service and target location.\r\n    \r\n8. **Q**: How quickly can I expect to see results from using the Ad Targeting Helper?\r\n    \r\n    **A**: Results from using the Ad Targeting Helper may vary, but optimizing ad performance and targeting your ideal customers can lead to improved engagement and conversion rates over time.\r\n    \r\n\r\n### **Feedback**\r\n\r\nYour feedback is important to us. Please share your experience and offer suggestions for improving the Ad Targeting Helper tool. Follow this link to provide your feedback: [Feedback Form](https://websitelearners.typeform.com/gravityai#name=ad-targeting-helper)",
                "created_at": "2023-06-12T22:10:50.000000Z",
                "updated_at": "2025-03-17T06:18:09.000000Z",
                "is_multiprompt": false,
                "website_title": null,
                "allow_website": 0,
                "website_input_title": null,
                "website_input_placeholder": null,
                "category_name": "Advertising Tools",
                "bgImage": "https://gravitywrite.sgp1.digitaloceanspaces.com/gw/uZaDLrVForDA7O8d0LUru6MiBhQCXRAZV0dJ9NtH.svg",
                "iconColor": "#12b3eb"
            },
            {
                "id": 101,
                "title": "Solution-Savings-Social Proof model",
                "slug": "solution-savings-social-proof-model",
                "description": "This AI tool uses the Solution-Savings-Social Proof model to craft engaging content, helping you hit the mark with your audience.",
                "frontend_headline": "Craft content that resonates with your target audience effectively.",
                "icon_type": "icon",
                "icon_content": "fa-solid fa-floppy-disk",
                "category_id": 21,
                "plan_id": "1",
                "usage": 63,
                "favcount": 15,
                "frontend_description": "## Introduction:\r\n\r\nThe 'Solution-Savings-Social Proof model' is an AI writing tool designed to help you create captivating content that resonates with your audience. By leveraging this template, you can effectively convey your message and drive engagement with your target customers.\r\n\r\n## Key Functionalities of the tool:\r\n\r\n- This template utilizes a proven framework to craft compelling content that highlights the solution your product or service offers, emphasizes cost savings, and provides social proof of its effectiveness.\r\n\r\n## How To Use The Tool:\r\n\r\n1. Begin by answering the following questions:\r\n    - What type of content do you want to create?\r\n    - What are you selling or promoting?\r\n    - What are the unique selling points (USPs) of your product or service?\r\n    - Who is your Ideal Customer?\r\n    - What action do you want the audience to take after engaging with your content?\r\n2. Press \"Create Content\" to generate the output.\r\n\r\n## Tips for using the tool:\r\n\r\n- Be clear and concise in your responses to the questions.\r\n- Focus on highlighting the key features and benefits of your product or service.\r\n- Tailor your content to resonate with your Ideal Customer.\r\n- Include a strong call-to-action to prompt your audience to take the desired action.\r\n\r\n## FAQs:\r\n\r\n1. **Q**: What type of information should I provide in 'What type of content do you want to create?'\r\n    \r\n    **A**: When answering this question, clarify the format you are aiming for. Examples could be a blog post, a product description, an ad copy, a social media post, or any other form of content you need.\r\n    \r\n2. **Q**: How detailed should the product or service description be?\r\n    \r\n    **A**: The more specific you are about the key features and benefits of your product or service, the better the AI can generate a precise and appealing content.\r\n    \r\n3. **Q**: How do I identify the unique selling points (USPs) of my product or service?\r\n    \r\n    **A**: UPs are features or aspects that set your product or service apart from its competitors. Think about what makes your product unique or why customers choose your product over others.\r\n    \r\n4. **Q**: How do I describe the interests of my ideal customer?\r\n    \r\n    **A**: Consider the hobbies, lifestyle, values, needs, and wants of your ideal customer. Use these factors to describe their interests.\r\n    \r\n5. **Q**: What should I write in 'What action do you want the audience to take after engaging with your content'?\r\n    \r\n    **A**: This would be the desired outcome from your audience after they interact with your content. It could be purchasing a product, signing up for a newsletter, visiting your website, sharing the content, etc.\r\n    \r\n6. **Q**: Why is my generated content not as expected?\r\n    \r\n    **A**: This can happen if the provided information was vague or insufficient. Try to be more specific in your responses to get a more accurate output.\r\n    \r\n7. **Q**: How does the 'Solution-Savings-Social Proof' model work?\r\n    \r\n    **A**: This model creates content that outlines a problem (solution), emphasizes the cost-effectiveness (savings), and includes endorsements or success stories (social proof) to influence your audience.\r\n    \r\n8. **Q**: Isn't AI-generated content impersonal lacking a human touch?\r\n    \r\n    **A**: Our AI is designed to mimic human-like writing styles. However, feel free to add your personal touches to the generated content to make it more customized and suited to your brand voice.\r\n    \r\n\r\n## Feedback:\r\n\r\nWe value your feedback! Share your experiences and suggestions for improving the 'Solution-Savings-Social Proof model' template [here](https://websitelearners.typeform.com/gravityai#name=solution-savings-social-proof-model).",
                "created_at": "2023-06-28T06:52:47.000000Z",
                "updated_at": "2025-03-01T07:53:17.000000Z",
                "is_multiprompt": false,
                "website_title": null,
                "allow_website": 0,
                "website_input_title": null,
                "website_input_placeholder": null,
                "category_name": "Copywriting Tools",
                "bgImage": "https://gravitywrite.sgp1.digitaloceanspaces.com/gw/tGPv9TE8YH0whOblDMfOQP9b2QsAm55rep52xBUJ.svg",
                "iconColor": "#d81b60"
            },
            {
                "id": 100,
                "title": "P-A-R model",
                "slug": "p-a-r-model",
                "description": "A tool that uses the 'Pain-Agitate-Relief' framework to identify customer pain points and present your product as the solution, effectively converting leads into customers.",
                "frontend_headline": "Find customer pain points, position your product as the solution.",
                "icon_type": "icon",
                "icon_content": "fa-solid fa-paper-plane",
                "category_id": 21,
                "plan_id": "1",
                "usage": 54,
                "favcount": 11,
                "frontend_description": "## Introduction:\r\n\r\nThe 'P-A-R model' template on GravityWrite is a powerful tool that utilizes the 'Pain-Agitate-Relief' framework to help you identify customer pain points and position your product or service as the ultimate solution. By effectively addressing the needs and concerns of your target audience, you can convert leads into loyal customers and boost your sales.\r\n\r\n## Key Functionalities:\r\n\r\n- This section is optional and will be included once we determine the key features and functionalities that add value to your experience with the 'P-A-R model' template.\r\n\r\n## How To Use The Tool:\r\n\r\n1.  Start by answering the following questions:\r\n- What type of content are you looking to create?\r\n- What are you selling or promoting? (Include key features of your product or service)\r\n- What are the unique selling points that set your product or service apart from competitors?\r\n- Who is your Ideal Customer? (describe their interests)\r\n- What action do you want the audience to take after engaging with your content?\r\n\r\n  \r\n2.    Press \"Create Content\" to generate the output.\r\n\r\n## Tips for Using the Tool:\r\n\r\n- Ensure you provide detailed and honest answers to the questions to optimize the effectiveness of the 'P-A-R model' template.\r\n- Tailor your responses to resonate with your target audience and address their specific pain points.\r\n- Experiment with different angles and approaches to see what resonates best with your customers.\r\n\r\n## FAQ's:\r\n\r\n1. **Q**: What do you mean by 'P-A-R model' in this template?\r\n    \r\n    **A**: The 'P-A-R' stands for 'Pain-Agitate-Relief'. It's a marketing strategy that first identifies the customer's pain point, then agitates that problem, and finally presents your product or service as the solution (Relief).\r\n    \r\n2. **Q**: What type of content can I create with this template?\r\n    \r\n    **A**:  The 'P-A-R model' is versatile. You can use it to create promotional material for your product or service, including blog posts, social media content, sales pages, email marketing campaigns, and more.\r\n    \r\n3. **Q**: What kind of information do I need to provide about my product or service?\r\n    \r\n    **A**: When prompted, provide details such as what you are selling or promoting, key features of your product or service, and unique selling points that set you apart from competitors.\r\n    \r\n4. **Q**: What should I include when describing my Ideal Customer?\r\n    \r\n    **A**: Think about your ideal customer's attributes and interests. What is their age bracket, are they business professionals or homemakers, what hobby might they have, or what problem they face that your product or service can solve.\r\n    \r\n5. **Q**: What do you mean by 'the action you want the audience to take after engaging with your content'?\r\n    \r\n    **A**: This might be what you want your audience to do next after reading your content, like purchasing your product, signing up for a newsletter, scheduling a consultation, or sharing your content with their network.\r\n    \r\n6. **Q**: How can I use this template to differentiate my product from my competitors?\r\n    \r\n    **A**: When you release your unique selling points (USPs), emphasize how these USPs solve your customers' problems better than your competitors.\r\n    \r\n7. **Q**: How will this template help in converting my leads into customers?\r\n    \r\n    **A**: With the P-A-R model, your content will not only identify and sympathize with the audience's problem but also present your product as the perfect solution, prompting the readers to take action.\r\n    \r\n8. **Q**: How specific do I need to be when describing my product or service and my unique selling points?\r\n    \r\n    **A**: The more specific, the better. Clear and detailed information will help the AI generate content that accurately and effectively communicates your offerings and their benefits.\r\n    \r\n9. **Q**: How should I phrase or format my answers to the prompts?\r\n    \r\n    **A**: Simple and plain English is best. This makes it easier for the AI to understand and generate relevant content based on your answers.\r\n    \r\n\r\n## Feedback\r\n\r\nWe're always looking for ways to improve our tools. So, don't hesitate to share your experiences and suggestions for enhancing the P-A-R model tool. Please share your feedback [here](https://websitelearners.typeform.com/gravityai#name=p-a-r-model).",
                "created_at": "2023-06-28T06:39:29.000000Z",
                "updated_at": "2025-03-15T20:43:04.000000Z",
                "is_multiprompt": false,
                "website_title": null,
                "allow_website": 0,
                "website_input_title": null,
                "website_input_placeholder": null,
                "category_name": "Copywriting Tools",
                "bgImage": "https://gravitywrite.sgp1.digitaloceanspaces.com/gw/tGPv9TE8YH0whOblDMfOQP9b2QsAm55rep52xBUJ.svg",
                "iconColor": "#d81b60"
            }
        ],
        "first_page_url": "https://api.gravitywrite.com/api/singlePrompt/promptsList?page=1",
        "from": 1,
        "last_page": 3,
        "last_page_url": "https://api.gravitywrite.com/api/singlePrompt/promptsList?page=3",
        "links": [
            {
                "url": null,
                "label": "&laquo; Previous",
                "active": false
            },
            {
                "url": "https://api.gravitywrite.com/api/singlePrompt/promptsList?page=1",
                "label": "1",
                "active": true
            },
            {
                "url": "https://api.gravitywrite.com/api/singlePrompt/promptsList?page=2",
                "label": "2",
                "active": false
            },
            {
                "url": "https://api.gravitywrite.com/api/singlePrompt/promptsList?page=3",
                "label": "3",
                "active": false
            },
            {
                "url": "https://api.gravitywrite.com/api/singlePrompt/promptsList?page=2",
                "label": "Next &raquo;",
                "active": false
            }
        ],
        "next_page_url": "https://api.gravitywrite.com/api/singlePrompt/promptsList?page=2",
        "path": "https://api.gravitywrite.com/api/singlePrompt/promptsList",
        "per_page": 100,
        "prev_page_url": null,
        "to": 100,
        "total": 283
    },
    "message": "success",
    "code": 200,
    "response": "OK"
}
]]></system-out>
  </testcase>
  <testcase name="testCategoryListErrors[100, 1, 200](1)" classname="api.test.SinglePromptTests.CategoryListTests" time="0.0"/>
  <testcase name="testStreamAPI[Valid Prompt, 46, 10, Healthy recipes, 13, 21, 0, 200, YES](1)" classname="api.test.SinglePromptTests.ContentsNewTests" time="2.303">
    <system-out><![CDATA[- "10 Mouthwatering Healthy Recipes to Try This Week"
- "The Ultimate Guide to Quick and Easy Healthy Recipes"
- "Healthy Recipes That Will Make You Forget You're Eating Healthy"
- "5 Ingredient Healthy Recipes for Busy Weeknights"
- "Delicious and Nutritious: Healthy Recipes for Every Meal"
- "Healthy Recipes That Taste Like a Cheat Meal"
- "From Breakfast to Dinner: Healthy Recipes for Every Craving"
- "Healthy Recipes That Even Picky Eaters Will Love"
- "Get Your Greens: Healthy Recipes Packed with Veggies"
- "Indulge Guilt-Free with These Decadent Healthy Recipes"
- "Healthy Recipes to Boost Your Immune System and Energy"
- "One-Pot Wonders: Easy and Healthy Recipes for Minimal Cleanup"
- "Satisfy Your Sweet Tooth with These Healthy Dessert Recipes"
]]></system-out>
  </testcase>
  <testcase name="testStreamAPI[Invalid Prompt ID, 999, 10, Healthy recipes, 13, 21, 0, 405, YES](2)" classname="api.test.SinglePromptTests.ContentsNewTests" time="0.081">
    <system-out><![CDATA[{"error":"Please Enter a valid Prompt Id","message":"Please Enter a valid Prompt Id","type":"info"}
]]></system-out>
  </testcase>
  <testcase name="testStreamAPI[Invalid Tone ID, 46, 999, Healthy recipes, 13, 21, 0, 500, YES](3)" classname="api.test.SinglePromptTests.ContentsNewTests" time="0.098">
    <system-out><![CDATA[{"status":false,"data":null,"message":"SQLSTATE[23000]: Integrity constraint violation: 1452 Cannot add or update a child row: a foreign key constraint fails (`genie_db`.`contents`, CONSTRAINT `tone_fk_7934190` FOREIGN KEY (`tone_id`) REFERENCES `tones` (`id`)) (Connection: mysql, SQL: insert into `contents` (`user_id`, `prompt_id`, `tone_id`, `engine_id`, `language_id`, `is_mode`, `updated_at`, `created_at`) values (980150, 46, 999, 15, 21, 0, 2025-03-17 12:04:11, 2025-03-17 12:04:11))","type":"error","code":500,"response":"error"}
]]></system-out>
  </testcase>
  <testcase name="testStreamAPI[Unregistered Prompt, 999, 12, Tech innovations, 15, 22, 0, 405, YES](4)" classname="api.test.SinglePromptTests.ContentsNewTests" time="0.084">
    <system-out><![CDATA[{"error":"Please Enter a valid Prompt Id","message":"Please Enter a valid Prompt Id","type":"info"}
]]></system-out>
  </testcase>
  <testcase name="testStreamAPI[Invalid Language ID, 50, 12, Tech innovations, 15, 999, 0, 500, YES](5)" classname="api.test.SinglePromptTests.ContentsNewTests" time="0.099">
    <system-out><![CDATA[{"status":false,"data":null,"message":"SQLSTATE[23000]: Integrity constraint violation: 1452 Cannot add or update a child row: a foreign key constraint fails (`genie_db`.`contents`, CONSTRAINT `language_fk_8089055` FOREIGN KEY (`language_id`) REFERENCES `languages` (`id`)) (Connection: mysql, SQL: insert into `contents` (`user_id`, `prompt_id`, `tone_id`, `engine_id`, `language_id`, `is_mode`, `updated_at`, `created_at`) values (980150, 50, 12, 19, 999, 0, 2025-03-17 12:04:11, 2025-03-17 12:04:11))","type":"error","code":500,"response":"error"}
]]></system-out>
  </testcase>
  <testcase name="testStreamAPI[Valid Prompt with Disabled, 50, 12, Tech innovations, 15, 22, 0, 200, YES](6)" classname="api.test.SinglePromptTests.ContentsNewTests" time="2.233">
    <system-out><![CDATA[I understand. I'll generate image prompts based on the blog outline you provide, following the guidelines you've specified. Please share the blog outline, and I'll create the prompts accordingly.
]]></system-out>
  </testcase>
  <testcase name="testStreamAPI[Empty Prompt, 0, 12, &quot; &quot;, 15, 22, 0, 405, YES](7)" classname="api.test.SinglePromptTests.ContentsNewTests" time="0.093">
    <system-out><![CDATA[{"error":"Please Enter a valid Prompt Id","message":"Please Enter a valid Prompt Id","type":"info"}
]]></system-out>
  </testcase>
</testsuite>