<?xml version="1.0" encoding="UTF-8"?>
<!-- Generated by org.testng.reporters.JUnitXMLReporter -->
<testsuite ignored="0" hostname="WL-286" failures="0" tests="15" name="Authentication Tests" time="17.233" errors="0" timestamp="2025-03-17T11:43:43 IST">
  <testcase classname="api.test.AuthTests.LoginTests" name="testUserLogin" time="5.285"/>
  <testcase classname="api.test.AuthTests.RegisterTests" name="testInvalidUserRegister" time="0.121"/>
  <testcase classname="api.test.AuthTests.RegisterTests" name="testInvalidUserRegister" time="0.115"/>
  <testcase classname="api.test.AuthTests.RegisterTests" name="testInvalidUserRegister" time="0.124"/>
  <testcase classname="api.test.AuthTests.RegisterTests" name="testInvalidUserRegister" time="0.105"/>
  <testcase classname="api.test.AuthTests.RegisterTests" name="testInvalidUserRegister" time="1.816"/>
  <testcase classname="api.test.AuthTests.RegisterTests" name="testInvalidUserRegister" time="0.104"/>
  <testcase classname="api.test.AuthTests.RegisterTests" name="testInvalidUserRegister" time="0.09"/>
  <testcase classname="api.test.AuthTests.RegisterTests" name="testValidUserRegister" time="2.896"/>
  <testcase classname="api.test.AuthTests.RegisterTests" name="testValidUserRegister" time="3.67"/>
  <testcase classname="api.test.AuthTests.GetUserTests" name="testGetUserWithValidToken" time="0.145"/>
  <testcase classname="api.test.AuthTests.ForgotPasswordTests" name="testForgotPassword" time="1.727"/>
  <testcase classname="api.test.AuthTests.ForgotPasswordTests" name="testForgotPassword" time="0.083"/>
  <testcase classname="api.test.AuthTests.ForgotPasswordTests" name="testForgotPassword" time="0.096"/>
  <testcase classname="api.test.AuthTests.ForgotPasswordTests" name="testForgotPassword" time="0.081"/>
</testsuite> <!-- Authentication Tests -->
