<?xml version="1.0" encoding="UTF-8"?>
<!-- Generated by org.testng.reporters.JUnitXMLReporter -->
<testsuite ignored="2" hostname="WL-286" failures="0" tests="0" time="0.002" errors="0" timestamp="2025-03-11T15:19:19 IST">
  <testcase classname="api.test.AuthTests.LogoutTests" name="testValidLogout" time="0.0">
    <ignored/>
  </testcase> <!-- testValidLogout -->
  <testcase classname="api.test.AuthTests.LogoutTests" name="testInvalidLogout" time="0.0">
    <ignored/>
  </testcase> <!-- testInvalidLogout -->
</testsuite>
