<?xml version="1.0" encoding="UTF-8"?>
<!-- Generated by org.testng.reporters.JUnitXMLReporter -->
<testsuite ignored="0" hostname="WL-286" failures="0" tests="7" name="Setup Tests" time="7.883" errors="0" timestamp="2025-03-11T15:32:14 IST">
  <testcase classname="api.test.AuthTests.LoginTests" name="testInvalidUserLogin" time="1.472"/>
  <testcase classname="api.test.AuthTests.LoginTests" name="testInvalidUserLogin" time="0.152"/>
  <testcase classname="api.test.AuthTests.LoginTests" name="testInvalidUserLogin" time="0.09"/>
  <testcase classname="api.test.AuthTests.LoginTests" name="testInvalidUserLogin" time="0.105"/>
  <testcase classname="api.test.AuthTests.LoginTests" name="testInvalidUserLogin" time="0.101"/>
  <testcase classname="api.test.AuthTests.LoginTests" name="testInvalidUserLogin" time="0.098"/>
  <testcase classname="api.test.AuthTests.LoginTests" name="testValidUserLogin" time="5.805"/>
</testsuite> <!-- Setup Tests -->
