<?xml version="1.0" encoding="UTF-8"?>
<!-- Generated by org.testng.reporters.JUnitXMLReporter -->
<testsuite ignored="0" hostname="WL-286" failures="0" tests="9" name="Single Prompt Tests" time="5.323" errors="0" timestamp="2025-03-17T11:43:48 IST">
  <testcase classname="api.test.SinglePromptTests.PromptListTests" name="testPromptListErrors" time="0.504"/>
  <testcase classname="api.test.SinglePromptTests.CategoryListTests" name="testCategoryListErrors" time="0.137"/>
  <testcase classname="api.test.SinglePromptTests.ContentsNewTests" name="testStreamAPI" time="2.035"/>
  <testcase classname="api.test.SinglePromptTests.ContentsNewTests" name="testStreamAPI" time="0.1"/>
  <testcase classname="api.test.SinglePromptTests.ContentsNewTests" name="testStreamAPI" time="0.137"/>
  <testcase classname="api.test.SinglePromptTests.ContentsNewTests" name="testStreamAPI" time="0.096"/>
  <testcase classname="api.test.SinglePromptTests.ContentsNewTests" name="testStreamAPI" time="0.092"/>
  <testcase classname="api.test.SinglePromptTests.ContentsNewTests" name="testStreamAPI" time="2.0"/>
  <testcase classname="api.test.SinglePromptTests.ContentsNewTests" name="testStreamAPI" time="0.091"/>
</testsuite> <!-- Single Prompt Tests -->
