<?xml version="1.0" encoding="UTF-8"?>
<!-- Generated by org.testng.reporters.JUnitXMLReporter -->
<testsuite ignored="0" hostname="WL-286" failures="0" tests="23" name="Authentication Tests" time="15.253" errors="0" timestamp="2025-03-04T15:06:13 IST">
  <testcase classname="api.test.LoginTests" name="testValidUserLogin" time="5.139"/>
  <testcase classname="api.test.LoginTests" name="testInvalidUserLogin" time="0.081"/>
  <testcase classname="api.test.LoginTests" name="testInvalidUserLogin" time="0.164"/>
  <testcase classname="api.test.LoginTests" name="testInvalidUserLogin" time="0.087"/>
  <testcase classname="api.test.LoginTests" name="testInvalidUserLogin" time="0.103"/>
  <testcase classname="api.test.LoginTests" name="testInvalidUserLogin" time="0.09"/>
  <testcase classname="api.test.LoginTests" name="testInvalidUserLogin" time="0.085"/>
  <testcase classname="api.test.RegisterTests" name="testInvalidUserRegister" time="0.085"/>
  <testcase classname="api.test.RegisterTests" name="testInvalidUserRegister" time="0.088"/>
  <testcase classname="api.test.RegisterTests" name="testInvalidUserRegister" time="0.086"/>
  <testcase classname="api.test.RegisterTests" name="testInvalidUserRegister" time="0.097"/>
  <testcase classname="api.test.RegisterTests" name="testInvalidUserRegister" time="1.23"/>
  <testcase classname="api.test.RegisterTests" name="testInvalidUserRegister" time="0.08"/>
  <testcase classname="api.test.RegisterTests" name="testInvalidUserRegister" time="0.081"/>
  <testcase classname="api.test.RegisterTests" name="testValidUserRegister" time="3.085"/>
  <testcase classname="api.test.RegisterTests" name="testValidUserRegister" time="2.575"/>
  <testcase classname="api.test.GetUserTests" name="testGetUserWithValidToken" time="0.105"/>
  <testcase classname="api.test.ForgotPasswordTests" name="testInvalidForgotPassword" time="0.09"/>
  <testcase classname="api.test.ForgotPasswordTests" name="testInvalidForgotPassword" time="0.078"/>
  <testcase classname="api.test.ForgotPasswordTests" name="testInvalidForgotPassword" time="0.083"/>
  <testcase classname="api.test.ForgotPasswordTests" name="testValidForgotPassword" time="1.485"/>
  <testcase classname="api.test.LogoutTests" name="testInvalidLogout" time="0.078"/>
  <testcase classname="api.test.LogoutTests" name="testValidLogout" time="0.089"/>
</testsuite> <!-- Authentication Tests -->
